#
# A fatal error has been detected by the Java Runtime Environment:
#
#  SIGSEGV (0xb) at pc=0x00007feb76238e70, pid=35272, tid=35302
#
# JRE version: OpenJDK Runtime Environment Temurin-17.0.4.1+1 (17.0.4.1+1) (build 17.0.4.1+1)
# Java VM: OpenJDK 64-Bit Server VM Temurin-17.0.4.1+1 (17.0.4.1+1, mixed mode, tiered, compressed oops, compressed class ptrs, parallel gc, linux-amd64)
# Problematic frame:
# V  [libjvm.so+0xc89e70]  oopDesc* PSPromotionManager::copy_unmarked_to_survivor_space<false>(oopDesc*, markWord)+0x40
#
# Core dump will be written. Default location: Core dumps may be processed with "/usr/share/apport/apport -p%p -s%s -c%c -d%d -P%P -u%u -g%g -- %E" (or dumping to /home/alan/Documents/projects/java/vendas/core.35272)
#
# If you would like to submit a bug report, please visit:
#   https://github.com/adoptium/adoptium-support/issues
#

---------------  S U M M A R Y ------------

Command Line: --add-modules=ALL-SYSTEM --add-opens=java.base/java.util=ALL-UNNAMED --add-opens=java.base/java.lang=ALL-UNNAMED --add-opens=java.base/sun.nio.fs=ALL-UNNAMED -Declipse.application=org.eclipse.jdt.ls.core.id1 -Dosgi.bundles.defaultStartLevel=4 -Declipse.product=org.eclipse.jdt.ls.core.product -Djava.import.generatesMetadataFilesAtProjectRoot=false -Dfile.encoding=utf8 -XX:+UseParallelGC -XX:GCTimeRatio=4 -XX:AdaptiveSizePolicyWeight=90 -Dsun.zip.disableMemoryMapping=true -Xmx1G -Xms100m -Xlog:disable -javaagent:/home/alan/.vscode/extensions/redhat.java-1.11.0-linux-x64/lombok/lombok-1.18.24.jar -XX:+HeapDumpOnOutOfMemoryError -XX:HeapDumpPath=/home/alan/.config/Code/User/workspaceStorage/2e151a444baf7836b9ff2ba6d27237a9/redhat.java /home/alan/.vscode/extensions/redhat.java-1.11.0-linux-x64/server/plugins/org.eclipse.equinox.launcher_1.6.400.v20210924-0641.jar -configuration /home/alan/.config/Code/User/globalStorage/redhat.java/1.11.0/config_linux -data /home/alan/.config/Code/User/workspaceStorage/2e151a444baf7836b9ff2ba6d27237a9/redhat.java/jdt_ws

Host: Intel(R) Core(TM) i7-7700HQ CPU @ 2.80GHz, 2 cores, 3G, Ubuntu 22.04.1 LTS
Time: Wed Oct 26 23:55:52 2022 -03 elapsed time: 14410.865539 seconds (0d 4h 0m 10s)

---------------  T H R E A D  ---------------

Current thread (0x00007feb50001210):  GCTaskThread "GC Thread#1" [stack: 0x00007feb5688a000,0x00007feb5698a000] [id=35302]

Stack: [0x00007feb5688a000,0x00007feb5698a000],  sp=0x00007feb56988aa0,  free space=1018k
Native frames: (J=compiled Java code, j=interpreted, Vv=VM code, C=native code)
V  [libjvm.so+0xc89e70]  oopDesc* PSPromotionManager::copy_unmarked_to_survivor_space<false>(oopDesc*, markWord)+0x40
V  [libjvm.so+0xc89b42]  PSPromotionManager::drain_stacks_depth(bool)+0x592
V  [libjvm.so+0xc6d76c]  PSCardTable::scavenge_contents_parallel(ObjectStartArray*, MutableSpace*, HeapWordImpl**, PSPromotionManager*, unsigned int, unsigned int)+0xa3c
V  [libjvm.so+0xc8e590]  ScavengeRootsTask::work(unsigned int)+0x4c0
V  [libjvm.so+0xf0cd0f]  GangWorker::loop()+0x5f
V  [libjvm.so+0xf0cd6f]
V  [libjvm.so+0xe5c99e]  Thread::call_run()+0xde
V  [libjvm.so+0xc16351]  thread_native_entry(Thread*)+0xe1


siginfo: si_signo: 11 (SIGSEGV), si_code: 1 (SEGV_MAPERR), si_addr: 0x0000000000000028

Register to memory mapping:

RAX=0x00007feb76861320: <offset 0x00000000012b2320> in /home/alan/.vscode/extensions/redhat.java-1.11.0-linux-x64/jre/17.0.4.1-linux-x86_64/lib/server/libjvm.so at 0x00007feb755af000
RBX=0x00007feb7010c180 points into unknown readable memory: 0x00007feb76858368 | 68 83 85 76 eb 7f 00 00
RCX=0x0000000000000003 is an unknown value
RDX=0x0000000000000001 is an unknown value
RSP=0x00007feb56988aa0 points into unknown readable memory: 0x00007feb768c3980 | 80 39 8c 76 eb 7f 00 00
RBP=0x00007feb56988b10 points into unknown readable memory: 0x00007feb56988b60 | 60 8b 98 56 eb 7f 00 00
RSI=0x00000000ecba5018 points into unknown readable memory: 0x0000000000000009 | 09 00 00 00 00 00 00 00
RDI=0x0000000000000020 is an unknown value
R8 =0x00007feb56988ac0 points into unknown readable memory: 0x00007feb767b9210 | 10 92 7b 76 eb 7f 00 00
R9 =0x0 is NULL
R10=0x000000010031b138 is pointing into metadata
R11=0x00000000c8d93428 is an oop: org.eclipse.jdt.internal.compiler.lookup.MethodBinding 
{0x00000000c8d93428} - klass: 'org/eclipse/jdt/internal/compiler/lookup/MethodBinding'
 - ---- fields (total size 10 words):
 - public 'modifiers' 'I' @12  33554442 (200000a)
 - public 'tagBits' 'J' @16  0 (0 0)
 - public 'extendedTagBits' 'I' @24  0
 - public 'defaultNullness' 'I' @28  0
 - public 'selector' '[C' @32  [C{0x00000000c5586600} (c5586600)
 - public 'returnType' 'Lorg/eclipse/jdt/internal/compiler/lookup/TypeBinding;' @36  a 'org/eclipse/jdt/internal/compiler/lookup/VoidTypeBinding'{0x00000000c0851f88} (c0851f88)
 - public 'parameters' '[Lorg/eclipse/jdt/internal/compiler/lookup/TypeBinding;' @40  
[error occurred during error reporting (printing register info), id 0xb, SIGSEGV (0xb) at pc=0x00007feb761ad0a8]

Registers:
RAX=0x00007feb76861320, RBX=0x00007feb7010c180, RCX=0x0000000000000003, RDX=0x0000000000000001
RSP=0x00007feb56988aa0, RBP=0x00007feb56988b10, RSI=0x00000000ecba5018, RDI=0x0000000000000020
R8 =0x00007feb56988ac0, R9 =0x0000000000000000, R10=0x000000010031b138, R11=0x00000000c8d93428
R12=0x00000000ecba5018, R13=0x00000000c8d93450, R14=0x00000000c8d93451, R15=0x00007feb76861330
RIP=0x00007feb76238e70, EFLAGS=0x0000000000010202, CSGSFS=0x002b000000000033, ERR=0x0000000000000004
  TRAPNO=0x000000000000000e

Top of Stack: (sp=0x00007feb56988aa0)
0x00007feb56988aa0:   00007feb768c3980 0000000000000050
0x00007feb56988ab0:   0000000100000001 0000000000000009
0x00007feb56988ac0:   00007feb767b9210 00007feb700a9f50
0x00007feb56988ad0:   00007feb7010c180 00007feb768a9e4c 

Instructions: (pc=0x00007feb76238e70)
0x00007feb76238d70:   e8 3b 99 73 ff e9 f9 fb ff ff 66 0f 1f 44 00 00
0x00007feb76238d80:   48 8d 05 61 8d 6a 00 4c 89 ee 48 89 55 c0 48 8b
0x00007feb76238d90:   38 e8 1a 9b fa ff 84 c0 0f 84 b2 f9 ff ff 48 8b
0x00007feb76238da0:   55 c0 49 39 16 0f 87 a5 f9 ff ff 48 8d 05 ce ac
0x00007feb76238db0:   68 00 4d 89 e8 49 c1 e8 09 48 8b 00 48 8b 40 40
0x00007feb76238dc0:   42 c6 04 00 03 e9 86 f9 ff ff 66 0f 1f 44 00 00
0x00007feb76238dd0:   8b 93 60 01 00 00 8b 83 e0 00 00 00 29 d0 25 ff
0x00007feb76238de0:   ff 01 00 3d ff ff 01 00 74 08 85 c0 0f 85 fe f7
0x00007feb76238df0:   ff ff 48 83 c4 18 5b 41 5c 41 5d 41 5e 41 5f 5d
0x00007feb76238e00:   c3 31 d2 e9 3d fd ff ff 45 31 ff e9 a1 fd ff ff
0x00007feb76238e10:   45 31 ed e9 29 fa ff ff 31 d2 e9 ba f9 ff ff 45
0x00007feb76238e20:   31 ed e9 a2 fa ff ff 31 d2 e9 04 f9 ff ff 66 90
0x00007feb76238e30:   55 48 89 e5 41 57 41 56 41 55 41 54 49 89 f4 53
0x00007feb76238e40:   48 89 fb 48 83 ec 48 48 8d 05 df f1 66 00 48 89
0x00007feb76238e50:   55 a8 0f b6 10 84 d2 0f 84 0b 04 00 00 48 8d 05
0x00007feb76238e60:   bc 84 62 00 8b 7e 08 8b 48 08 48 d3 e7 48 03 38
0x00007feb76238e70:   8b 47 08 89 45 a4 85 c0 0f 8e da 02 00 00 a8 01
0x00007feb76238e80:   0f 84 9a 00 00 00 48 8b 07 48 8d 15 00 0b 60 ff
0x00007feb76238e90:   48 8b 80 00 01 00 00 48 39 d0 0f 85 3d 04 00 00
0x00007feb76238ea0:   c1 7d a4 03 4c 63 6d a4 48 8b 55 a8 49 89 d6 49
0x00007feb76238eb0:   c1 ee 03 44 89 f0 83 e0 0f 83 e2 01 89 45 a0 0f
0x00007feb76238ec0:   84 b3 03 00 00 48 8d 05 ac ab 68 00 8b 4d a0 3b
0x00007feb76238ed0:   08 0f 83 29 01 00 00 4c 8b 7b 08 48 8b 43 18 4c
0x00007feb76238ee0:   29 f8 48 c1 e8 03 4c 39 e8 0f 82 01 01 00 00 4b
0x00007feb76238ef0:   8d 04 ef 45 31 db 48 89 43 08 4d 85 ff 0f 84 ed
0x00007feb76238f00:   00 00 00 8b 45 a4 83 f8 08 0f 87 69 06 00 00 48
0x00007feb76238f10:   8d 15 fa c4 36 00 48 63 04 82 48 01 d0 ff e0 90
0x00007feb76238f20:   c1 f8 03 89 45 a4 4c 63 e8 e9 7a ff ff ff 66 90
0x00007feb76238f30:   49 8b 44 24 38 49 89 47 38 49 8b 44 24 30 49 89
0x00007feb76238f40:   47 30 49 8b 44 24 28 49 89 47 28 49 8b 44 24 20
0x00007feb76238f50:   49 89 47 20 49 8b 44 24 18 49 89 47 18 49 8b 44
0x00007feb76238f60:   24 10 49 89 47 10 49 8b 44 24 08 49 89 47 08 49 


Stack slot to memory mapping:
stack at sp + 0 slots: 0x00007feb768c3980: <offset 0x0000000001314980> in /home/alan/.vscode/extensions/redhat.java-1.11.0-linux-x64/jre/17.0.4.1-linux-x86_64/lib/server/libjvm.so at 0x00007feb755af000
stack at sp + 1 slots: 0x0000000000000050 is an unknown value
stack at sp + 2 slots: 0x0000000100000001 is pointing into metadata
stack at sp + 3 slots: 0x0000000000000009 is an unknown value
stack at sp + 4 slots: 0x00007feb767b9210: <offset 0x000000000120a210> in /home/alan/.vscode/extensions/redhat.java-1.11.0-linux-x64/jre/17.0.4.1-linux-x86_64/lib/server/libjvm.so at 0x00007feb755af000
stack at sp + 5 slots: 0x00007feb700a9f50 points into unknown readable memory: 0x00007feb767b9808 | 08 98 7b 76 eb 7f 00 00
stack at sp + 6 slots: 0x00007feb7010c180 points into unknown readable memory: 0x00007feb76858368 | 68 83 85 76 eb 7f 00 00
stack at sp + 7 slots: 0x00007feb768a9e4c: <offset 0x00000000012fae4c> in /home/alan/.vscode/extensions/redhat.java-1.11.0-linux-x64/jre/17.0.4.1-linux-x86_64/lib/server/libjvm.so at 0x00007feb755af000


---------------  P R O C E S S  ---------------

Threads class SMR info:
_java_thread_list=0x00007feb386cf800, length=30, elements={
0x00007feb70025f20, 0x00007feb7011edb0, 0x00007feb70120320, 0x00007feb70148d60,
0x00007feb7014c670, 0x00007feb7014d5c0, 0x00007feb7014ec10, 0x00007feb701500c0,
0x00007feb70151500, 0x00007feb701a6a00, 0x00007feb70288270, 0x00007feb70420590,
0x00007feb7042e000, 0x00007feb7045c570, 0x00007feb2c033530, 0x00007feb2c29db90,
0x00007feb2c8dc0f0, 0x00007feb7049c650, 0x00007feb7052d300, 0x00007feb400016a0,
0x00007feb44008d20, 0x00007feb300ffdb0, 0x00007feb386134b0, 0x00007feb3864b030,
0x00007feb581ff7d0, 0x00007feb386cd280, 0x00007feb4c0d9b70, 0x00007feb2800e9f0,
0x00007feb30c532f0, 0x00007feb481422c0
}

Java Threads: ( => current thread )
  0x00007feb70025f20 JavaThread "main" [_thread_blocked, id=35273, stack(0x00007feb753c3000,0x00007feb754c3000)]
  0x00007feb7011edb0 JavaThread "Reference Handler" daemon [_thread_blocked, id=35276, stack(0x00007feb5c1ee000,0x00007feb5c2ee000)]
  0x00007feb70120320 JavaThread "Finalizer" daemon [_thread_blocked, id=35277, stack(0x00007feb5c0ee000,0x00007feb5c1ee000)]
  0x00007feb70148d60 JavaThread "Signal Dispatcher" daemon [_thread_blocked, id=35278, stack(0x00007feb57f00000,0x00007feb58000000)]
  0x00007feb7014c670 JavaThread "Service Thread" daemon [_thread_blocked, id=35279, stack(0x00007feb57e00000,0x00007feb57f00000)]
  0x00007feb7014d5c0 JavaThread "Monitor Deflation Thread" daemon [_thread_blocked, id=35280, stack(0x00007feb57d00000,0x00007feb57e00000)]
  0x00007feb7014ec10 JavaThread "C2 CompilerThread0" daemon [_thread_blocked, id=35281, stack(0x00007feb57c00000,0x00007feb57d00000)]
  0x00007feb701500c0 JavaThread "C1 CompilerThread0" daemon [_thread_blocked, id=35282, stack(0x00007feb56d8c000,0x00007feb56e8c000)]
  0x00007feb70151500 JavaThread "Sweeper thread" daemon [_thread_blocked, id=35283, stack(0x00007feb56c8c000,0x00007feb56d8c000)]
  0x00007feb701a6a00 JavaThread "Common-Cleaner" daemon [_thread_blocked, id=35284, stack(0x00007feb56b8c000,0x00007feb56c8c000)]
  0x00007feb70288270 JavaThread "Notification Thread" daemon [_thread_blocked, id=35295, stack(0x00007feb56a8c000,0x00007feb56b8c000)]
  0x00007feb70420590 JavaThread "Active Thread: Equinox Container: 2aa3075f-ac52-4540-8e44-44da0996cc1d" [_thread_blocked, id=35304, stack(0x00007feb55f00000,0x00007feb56000000)]
  0x00007feb7042e000 JavaThread "Framework Event Dispatcher: Equinox Container: 2aa3075f-ac52-4540-8e44-44da0996cc1d" daemon [_thread_blocked, id=35308, stack(0x00007feb55e00000,0x00007feb55f00000)]
  0x00007feb7045c570 JavaThread "Start Level: Equinox Container: 2aa3075f-ac52-4540-8e44-44da0996cc1d" daemon [_thread_blocked, id=35309, stack(0x00007feb55d00000,0x00007feb55e00000)]
  0x00007feb2c033530 JavaThread "SCR Component Actor" daemon [_thread_blocked, id=35310, stack(0x00007feb55900000,0x00007feb55a00000)]
  0x00007feb2c29db90 JavaThread "Worker-JM" [_thread_blocked, id=35333, stack(0x00007feb54f00000,0x00007feb55000000)]
  0x00007feb2c8dc0f0 JavaThread "Java indexing" daemon [_thread_blocked, id=35343, stack(0x00007feb540de000,0x00007feb541de000)]
  0x00007feb7049c650 JavaThread "pool-2-thread-1" [_thread_blocked, id=35345, stack(0x00007feb54300000,0x00007feb54400000)]
  0x00007feb7052d300 JavaThread "pool-1-thread-1" [_thread_in_native, id=35347, stack(0x00007feb54200000,0x00007feb54300000)]
  0x00007feb400016a0 JavaThread "Attach Listener" daemon [_thread_blocked, id=35508, stack(0x00007feb16500000,0x00007feb16600000)]
  0x00007feb44008d20 JavaThread "Bundle File Closer" daemon [_thread_blocked, id=35584, stack(0x00007feb15b00000,0x00007feb15c00000)]
  0x00007feb300ffdb0 JavaThread "Java Debug Server" [_thread_in_native, id=40184, stack(0x00007feb15900000,0x00007feb15a00000)]
  0x00007feb386134b0 JavaThread "RxSchedulerPurge-1" daemon [_thread_blocked, id=40186, stack(0x00007feb16400000,0x00007feb16500000)]
  0x00007feb3864b030 JavaThread "RxCachedWorkerPoolEvictor-1" daemon [_thread_blocked, id=40187, stack(0x00007feb15a00000,0x00007feb15b00000)]
  0x00007feb581ff7d0 JavaThread "Worker-16" [_thread_blocked, id=55550, stack(0x00007feb14300000,0x00007feb14400000)]
  0x00007feb386cd280 JavaThread "Worker-22" [_thread_blocked, id=58347, stack(0x00007feb55800000,0x00007feb55900000)]
  0x00007feb4c0d9b70 JavaThread "ForkJoinPool.commonPool-worker-10" daemon [_thread_blocked, id=58821, stack(0x00007feb13100000,0x00007feb13200000)]
  0x00007feb2800e9f0 JavaThread "Worker-23" [_thread_blocked, id=58882, stack(0x00007feb11600000,0x00007feb11700000)]
  0x00007feb30c532f0 JavaThread "Worker-24" [_thread_blocked, id=59826, stack(0x00007feb12700000,0x00007feb12800000)]
  0x00007feb481422c0 JavaThread "Thread-3253" [_thread_blocked, id=60079, stack(0x00007feb54e00000,0x00007feb54f00000)]

Other Threads:
  0x00007feb7010f1a0 VMThread "VM Thread" [stack: 0x00007feb5c2f0000,0x00007feb5c3f0000] [id=35275]
  0x00007feb70070cc0 WatcherThread [stack: 0x00007feb5698c000,0x00007feb56a8c000] [id=35296]
  0x00007feb7003da60 GCTaskThread "GC Thread#0" [stack: 0x00007feb74e8f000,0x00007feb74f8f000] [id=35274]
=>0x00007feb50001210 GCTaskThread "GC Thread#1" [stack: 0x00007feb5688a000,0x00007feb5698a000] [id=35302]

Threads with active compile tasks:

VM state: at safepoint (normal execution)

VM Mutex/Monitor currently owned by a thread:  ([mutex/lock_event])
[0x00007feb70022cb0] Threads_lock - owner thread: 0x00007feb7010f1a0
[0x00007feb70023460] Heap_lock - owner thread: 0x00007feb481422c0

Heap address: 0x00000000c0000000, size: 1024 MB, Compressed Oops mode: 32-bit

CDS archive(s) not mapped
Compressed class space mapped at: 0x0000000100000000-0x0000000140000000, reserved size: 1073741824
Narrow klass base: 0x0000000000000000, Narrow klass shift: 3, Narrow klass range: 0x140000000

GC Precious Log:
 CPUs: 2 total, 2 available
 Memory: 3924M
 Large Page Support: Disabled
 NUMA Support: Disabled
 Compressed Oops: Enabled (32-bit)
 Alignments: Space 512K, Generation 512K, Heap 2M
 Heap Min Capacity: 100M
 Heap Initial Capacity: 100M
 Heap Max Capacity: 1G
 Pre-touch: Disabled
 Parallel Workers: 2

Heap:
 PSYoungGen      total 27136K, used 26836K [0x00000000eab00000, 0x00000000ecc80000, 0x0000000100000000)
  eden space 26112K, 100% used [0x00000000eab00000,0x00000000ec480000,0x00000000ec480000)
  from space 1024K, 70% used [0x00000000ecb80000,0x00000000ecc35200,0x00000000ecc80000)
  to   space 1024K, 58% used [0x00000000eca80000,0x00000000ecb15200,0x00000000ecb80000)
 ParOldGen       total 193024K, used 145396K [0x00000000c0000000, 0x00000000cbc80000, 0x00000000eab00000)
  object space 193024K, 75% used [0x00000000c0000000,0x00000000c8dfd2c8,0x00000000cbc80000)
 Metaspace       used 93380K, committed 94528K, reserved 1138688K
  class space    used 9151K, committed 9664K, reserved 1048576K

Card table byte_map: [0x00007feb74f8f000,0x00007feb75190000] _byte_map_base: 0x00007feb7498f000

Marking Bits: (ParMarkBitMap*) 0x00007feb768c3520
 Begin Bits: [0x00007feb5c3f0000, 0x00007feb5d3f0000)
 End Bits:   [0x00007feb5d3f0000, 0x00007feb5e3f0000)

Polling page: 0x00007feb76b5f000

Metaspace:

Usage:
  Non-class:     82,26 MB used.
      Class:      8,94 MB used.
       Both:     91,19 MB used.

Virtual space:
  Non-class space:       88,00 MB reserved,      82,88 MB ( 94%) committed,  11 nodes.
      Class space:        1,00 GB reserved,       9,44 MB ( <1%) committed,  1 nodes.
             Both:        1,09 GB reserved,      92,31 MB (  8%) committed. 

Chunk freelists:
   Non-Class:  192,00 KB
       Class:  2,60 MB
        Both:  2,79 MB

MaxMetaspaceSize: unlimited
CompressedClassSpaceSize: 1,00 GB
Initial GC threshold: 21,00 MB
Current GC threshold: 153,69 MB
CDS: off
MetaspaceReclaimPolicy: balanced
 - commit_granule_bytes: 65536.
 - commit_granule_words: 8192.
 - virtual_space_node_default_size: 1048576.
 - enlarge_chunks_in_place: 1.
 - new_chunks_are_fully_committed: 0.
 - uncommit_free_chunks: 1.
 - use_allocation_guard: 0.
 - handle_deallocations: 1.


Internal statistics:

num_allocs_failed_limit: 11.
num_arena_births: 1224.
num_arena_deaths: 400.
num_vsnodes_births: 12.
num_vsnodes_deaths: 0.
num_space_committed: 1478.
num_space_uncommitted: 1.
num_chunks_returned_to_freelist: 521.
num_chunks_taken_from_freelist: 5290.
num_chunk_merges: 192.
num_chunk_splits: 3132.
num_chunks_enlarged: 1748.
num_purges: 6.
num_inconsistent_stats: 0.

CodeHeap 'non-profiled nmethods': size=120036Kb used=21100Kb max_used=21368Kb free=98935Kb
 bounds [0x00007feb65eb7000, 0x00007feb67397000, 0x00007feb6d3f0000]
CodeHeap 'profiled nmethods': size=120032Kb used=39183Kb max_used=39876Kb free=80848Kb
 bounds [0x00007feb5e97f000, 0x00007feb6107f000, 0x00007feb65eb7000]
CodeHeap 'non-nmethods': size=5692Kb used=1430Kb max_used=1540Kb free=4261Kb
 bounds [0x00007feb5e3f0000, 0x00007feb5e660000, 0x00007feb5e97f000]
 total_blobs=19148 nmethods=18355 adapters=703
 compilation: enabled
              stopped_count=0, restarted_count=0
 full_count=0

Compilation events (20 events):
Event: 14409,024 Thread 0x00007feb701500c0 27507       3       org.eclipse.jdt.internal.compiler.lookup.WildcardBinding::collectInferenceVariables (52 bytes)
Event: 14409,024 Thread 0x00007feb701500c0 nmethod 27507 0x00007feb5fbb6c10 code [0x00007feb5fbb6de0, 0x00007feb5fbb7210]
Event: 14409,028 Thread 0x00007feb7014ec10 27508       4       org.eclipse.jdt.internal.compiler.lookup.BoundSet::superTypesWithCommonGenericType (145 bytes)
Event: 14409,147 Thread 0x00007feb7014ec10 nmethod 27508 0x00007feb66ea4d90 code [0x00007feb66ea50c0, 0x00007feb66ea65a0]
Event: 14409,164 Thread 0x00007feb7014ec10 27509       4       java.util.TreeMap::put (221 bytes)
Event: 14409,532 Thread 0x00007feb7014ec10 nmethod 27509 0x00007feb67298190 code [0x00007feb67298480, 0x00007feb6729a9d0]
Event: 14409,612 Thread 0x00007feb701500c0 27510       3       org.eclipse.jdt.internal.compiler.lookup.InferenceContext18::pushBoundsToOuter (9 bytes)
Event: 14409,613 Thread 0x00007feb701500c0 nmethod 27510 0x00007feb5fdab790 code [0x00007feb5fdab940, 0x00007feb5fdaba80]
Event: 14409,624 Thread 0x00007feb701500c0 27511       3       org.eclipse.jdt.internal.corext.refactoring.Checks::isAvailable (76 bytes)
Event: 14409,625 Thread 0x00007feb701500c0 nmethod 27511 0x00007feb5f3ab890 code [0x00007feb5f3abac0, 0x00007feb5f3ac570]
Event: 14409,659 Thread 0x00007feb7014ec10 27512       4       org.eclipse.jdt.internal.compiler.problem.DefaultProblemFactory::<init> (8 bytes)
Event: 14409,664 Thread 0x00007feb7014ec10 nmethod 27512 0x00007feb66063190 code [0x00007feb66063320, 0x00007feb66063518]
Event: 14410,128 Thread 0x00007feb701500c0 27514       3       org.eclipse.jdt.internal.compiler.problem.ProblemReporter::unusedImport (50 bytes)
Event: 14410,129 Thread 0x00007feb701500c0 nmethod 27514 0x00007feb6024dc10 code [0x00007feb6024de00, 0x00007feb6024e390]
Event: 14410,129 Thread 0x00007feb701500c0 27513       1       org.eclipse.jdt.internal.compiler.ast.ExpressionContext$2::definesTargetType (2 bytes)
Event: 14410,129 Thread 0x00007feb701500c0 nmethod 27513 0x00007feb66062d10 code [0x00007feb66062ea0, 0x00007feb66062f70]
Event: 14410,206 Thread 0x00007feb701500c0 27515       1       org.eclipse.jdt.internal.compiler.lookup.InferenceContext18$3::isRawSubstitution (2 bytes)
Event: 14410,206 Thread 0x00007feb701500c0 nmethod 27515 0x00007feb66710010 code [0x00007feb667101a0, 0x00007feb66710270]
Event: 14410,218 Thread 0x00007feb7014ec10 27516       4       org.eclipse.jdt.internal.compiler.ast.Expression::computeConversion (372 bytes)
Event: 14410,303 Thread 0x00007feb7014ec10 nmethod 27516 0x00007feb66ea2310 code [0x00007feb66ea25e0, 0x00007feb66ea3e90]

GC Heap History (20 events):
Event: 14408,734 GC heap after
{Heap after GC invocations=2828 (full 67):
 PSYoungGen      total 30208K, used 820K [0x00000000eab00000, 0x00000000ed180000, 0x0000000100000000)
  eden space 29184K, 0% used [0x00000000eab00000,0x00000000eab00000,0x00000000ec780000)
  from space 1024K, 80% used [0x00000000ece00000,0x00000000ececd200,0x00000000ecf00000)
  to   space 1536K, 0% used [0x00000000ed000000,0x00000000ed000000,0x00000000ed180000)
 ParOldGen       total 193536K, used 183030K [0x00000000c0000000, 0x00000000cbd00000, 0x00000000eab00000)
  object space 193536K, 94% used [0x00000000c0000000,0x00000000cb2bda18,0x00000000cbd00000)
 Metaspace       used 93377K, committed 94528K, reserved 1138688K
  class space    used 9151K, committed 9664K, reserved 1048576K
}
Event: 14408,779 GC heap before
{Heap before GC invocations=2829 (full 67):
 PSYoungGen      total 30208K, used 30004K [0x00000000eab00000, 0x00000000ed180000, 0x0000000100000000)
  eden space 29184K, 100% used [0x00000000eab00000,0x00000000ec780000,0x00000000ec780000)
  from space 1024K, 80% used [0x00000000ece00000,0x00000000ececd200,0x00000000ecf00000)
  to   space 1536K, 0% used [0x00000000ed000000,0x00000000ed000000,0x00000000ed180000)
 ParOldGen       total 193536K, used 183030K [0x00000000c0000000, 0x00000000cbd00000, 0x00000000eab00000)
  object space 193536K, 94% used [0x00000000c0000000,0x00000000cb2bda18,0x00000000cbd00000)
 Metaspace       used 93377K, committed 94528K, reserved 1138688K
  class space    used 9151K, committed 9664K, reserved 1048576K
}
Event: 14408,782 GC heap after
{Heap after GC invocations=2829 (full 67):
 PSYoungGen      total 29184K, used 474K [0x00000000eab00000, 0x00000000ed080000, 0x0000000100000000)
  eden space 28672K, 0% used [0x00000000eab00000,0x00000000eab00000,0x00000000ec700000)
  from space 512K, 92% used [0x00000000ed000000,0x00000000ed076900,0x00000000ed080000)
  to   space 1024K, 0% used [0x00000000ece80000,0x00000000ece80000,0x00000000ecf80000)
 ParOldGen       total 193536K, used 183795K [0x00000000c0000000, 0x00000000cbd00000, 0x00000000eab00000)
  object space 193536K, 94% used [0x00000000c0000000,0x00000000cb37cc58,0x00000000cbd00000)
 Metaspace       used 93377K, committed 94528K, reserved 1138688K
  class space    used 9151K, committed 9664K, reserved 1048576K
}
Event: 14409,075 GC heap before
{Heap before GC invocations=2830 (full 67):
 PSYoungGen      total 29184K, used 29146K [0x00000000eab00000, 0x00000000ed080000, 0x0000000100000000)
  eden space 28672K, 100% used [0x00000000eab00000,0x00000000ec700000,0x00000000ec700000)
  from space 512K, 92% used [0x00000000ed000000,0x00000000ed076900,0x00000000ed080000)
  to   space 1024K, 0% used [0x00000000ece80000,0x00000000ece80000,0x00000000ecf80000)
 ParOldGen       total 193536K, used 183795K [0x00000000c0000000, 0x00000000cbd00000, 0x00000000eab00000)
  object space 193536K, 94% used [0x00000000c0000000,0x00000000cb37cc58,0x00000000cbd00000)
 Metaspace       used 93379K, committed 94528K, reserved 1138688K
  class space    used 9151K, committed 9664K, reserved 1048576K
}
Event: 14409,086 GC heap after
{Heap after GC invocations=2830 (full 67):
 PSYoungGen      total 29184K, used 340K [0x00000000eab00000, 0x00000000ed080000, 0x0000000100000000)
  eden space 28160K, 0% used [0x00000000eab00000,0x00000000eab00000,0x00000000ec680000)
  from space 1024K, 33% used [0x00000000ece80000,0x00000000eced5200,0x00000000ecf80000)
  to   space 512K, 0% used [0x00000000ed000000,0x00000000ed000000,0x00000000ed080000)
 ParOldGen       total 193536K, used 184207K [0x00000000c0000000, 0x00000000cbd00000, 0x00000000eab00000)
  object space 193536K, 95% used [0x00000000c0000000,0x00000000cb3e3eb8,0x00000000cbd00000)
 Metaspace       used 93379K, committed 94528K, reserved 1138688K
  class space    used 9151K, committed 9664K, reserved 1048576K
}
Event: 14409,541 GC heap before
{Heap before GC invocations=2831 (full 67):
 PSYoungGen      total 29184K, used 28500K [0x00000000eab00000, 0x00000000ed080000, 0x0000000100000000)
  eden space 28160K, 100% used [0x00000000eab00000,0x00000000ec680000,0x00000000ec680000)
  from space 1024K, 33% used [0x00000000ece80000,0x00000000eced5200,0x00000000ecf80000)
  to   space 512K, 0% used [0x00000000ed000000,0x00000000ed000000,0x00000000ed080000)
 ParOldGen       total 193536K, used 184207K [0x00000000c0000000, 0x00000000cbd00000, 0x00000000eab00000)
  object space 193536K, 95% used [0x00000000c0000000,0x00000000cb3e3eb8,0x00000000cbd00000)
 Metaspace       used 93379K, committed 94528K, reserved 1138688K
  class space    used 9151K, committed 9664K, reserved 1048576K
}
Event: 14409,554 GC heap after
{Heap after GC invocations=2831 (full 67):
 PSYoungGen      total 28160K, used 388K [0x00000000eab00000, 0x00000000ed080000, 0x0000000100000000)
  eden space 27648K, 0% used [0x00000000eab00000,0x00000000eab00000,0x00000000ec600000)
  from space 512K, 75% used [0x00000000ed000000,0x00000000ed061210,0x00000000ed080000)
  to   space 512K, 0% used [0x00000000ecf80000,0x00000000ecf80000,0x00000000ed000000)
 ParOldGen       total 193536K, used 184500K [0x00000000c0000000, 0x00000000cbd00000, 0x00000000eab00000)
  object space 193536K, 95% used [0x00000000c0000000,0x00000000cb42d0f8,0x00000000cbd00000)
 Metaspace       used 93379K, committed 94528K, reserved 1138688K
  class space    used 9151K, committed 9664K, reserved 1048576K
}
Event: 14409,678 GC heap before
{Heap before GC invocations=2832 (full 67):
 PSYoungGen      total 28160K, used 28036K [0x00000000eab00000, 0x00000000ed080000, 0x0000000100000000)
  eden space 27648K, 100% used [0x00000000eab00000,0x00000000ec600000,0x00000000ec600000)
  from space 512K, 75% used [0x00000000ed000000,0x00000000ed061210,0x00000000ed080000)
  to   space 512K, 0% used [0x00000000ecf80000,0x00000000ecf80000,0x00000000ed000000)
 ParOldGen       total 193536K, used 184500K [0x00000000c0000000, 0x00000000cbd00000, 0x00000000eab00000)
  object space 193536K, 95% used [0x00000000c0000000,0x00000000cb42d0f8,0x00000000cbd00000)
 Metaspace       used 93380K, committed 94528K, reserved 1138688K
  class space    used 9151K, committed 9664K, reserved 1048576K
}
Event: 14409,696 GC heap after
{Heap after GC invocations=2832 (full 67):
 PSYoungGen      total 27648K, used 490K [0x00000000eab00000, 0x00000000eda80000, 0x0000000100000000)
  eden space 27136K, 0% used [0x00000000eab00000,0x00000000eab00000,0x00000000ec580000)
  from space 512K, 95% used [0x00000000ecf80000,0x00000000ecffaba8,0x00000000ed000000)
  to   space 10752K, 0% used [0x00000000ed000000,0x00000000ed000000,0x00000000eda80000)
 ParOldGen       total 193536K, used 193200K [0x00000000c0000000, 0x00000000cbd00000, 0x00000000eab00000)
  object space 193536K, 99% used [0x00000000c0000000,0x00000000cbcac388,0x00000000cbd00000)
 Metaspace       used 93380K, committed 94528K, reserved 1138688K
  class space    used 9151K, committed 9664K, reserved 1048576K
}
Event: 14409,696 GC heap before
{Heap before GC invocations=2833 (full 68):
 PSYoungGen      total 27648K, used 490K [0x00000000eab00000, 0x00000000eda80000, 0x0000000100000000)
  eden space 27136K, 0% used [0x00000000eab00000,0x00000000eab00000,0x00000000ec580000)
  from space 512K, 95% used [0x00000000ecf80000,0x00000000ecffaba8,0x00000000ed000000)
  to   space 10752K, 0% used [0x00000000ed000000,0x00000000ed000000,0x00000000eda80000)
 ParOldGen       total 193536K, used 193200K [0x00000000c0000000, 0x00000000cbd00000, 0x00000000eab00000)
  object space 193536K, 99% used [0x00000000c0000000,0x00000000cbcac388,0x00000000cbd00000)
 Metaspace       used 93380K, committed 94528K, reserved 1138688K
  class space    used 9151K, committed 9664K, reserved 1048576K
}
Event: 14410,107 GC heap after
{Heap after GC invocations=2833 (full 68):
 PSYoungGen      total 36864K, used 0K [0x00000000eab00000, 0x00000000eda00000, 0x0000000100000000)
  eden space 26624K, 0% used [0x00000000eab00000,0x00000000eab00000,0x00000000ec500000)
  from space 10240K, 0% used [0x00000000ed000000,0x00000000ed000000,0x00000000eda00000)
  to   space 10752K, 0% used [0x00000000ec500000,0x00000000ec500000,0x00000000ecf80000)
 ParOldGen       total 193024K, used 141592K [0x00000000c0000000, 0x00000000cbc80000, 0x00000000eab00000)
  object space 193024K, 73% used [0x00000000c0000000,0x00000000c8a46200,0x00000000cbc80000)
 Metaspace       used 93380K, committed 94528K, reserved 1138688K
  class space    used 9151K, committed 9664K, reserved 1048576K
}
Event: 14410,135 GC heap before
{Heap before GC invocations=2834 (full 68):
 PSYoungGen      total 36864K, used 26624K [0x00000000eab00000, 0x00000000eda00000, 0x0000000100000000)
  eden space 26624K, 100% used [0x00000000eab00000,0x00000000ec500000,0x00000000ec500000)
  from space 10240K, 0% used [0x00000000ed000000,0x00000000ed000000,0x00000000eda00000)
  to   space 10752K, 0% used [0x00000000ec500000,0x00000000ec500000,0x00000000ecf80000)
 ParOldGen       total 193024K, used 141592K [0x00000000c0000000, 0x00000000cbc80000, 0x00000000eab00000)
  object space 193024K, 73% used [0x00000000c0000000,0x00000000c8a46200,0x00000000cbc80000)
 Metaspace       used 93380K, committed 94528K, reserved 1138688K
  class space    used 9151K, committed 9664K, reserved 1048576K
}
Event: 14410,143 GC heap after
{Heap after GC invocations=2834 (full 68):
 PSYoungGen      total 27648K, used 1422K [0x00000000eab00000, 0x00000000ed080000, 0x0000000100000000)
  eden space 26112K, 0% used [0x00000000eab00000,0x00000000eab00000,0x00000000ec480000)
  from space 1536K, 92% used [0x00000000ec500000,0x00000000ec663b00,0x00000000ec680000)
  to   space 4608K, 0% used [0x00000000ecc00000,0x00000000ecc00000,0x00000000ed080000)
 ParOldGen       total 193024K, used 141592K [0x00000000c0000000, 0x00000000cbc80000, 0x00000000eab00000)
  object space 193024K, 73% used [0x00000000c0000000,0x00000000c8a46200,0x00000000cbc80000)
 Metaspace       used 93380K, committed 94528K, reserved 1138688K
  class space    used 9151K, committed 9664K, reserved 1048576K
}
Event: 14410,174 GC heap before
{Heap before GC invocations=2835 (full 68):
 PSYoungGen      total 27648K, used 27534K [0x00000000eab00000, 0x00000000ed080000, 0x0000000100000000)
  eden space 26112K, 100% used [0x00000000eab00000,0x00000000ec480000,0x00000000ec480000)
  from space 1536K, 92% used [0x00000000ec500000,0x00000000ec663b00,0x00000000ec680000)
  to   space 4608K, 0% used [0x00000000ecc00000,0x00000000ecc00000,0x00000000ed080000)
 ParOldGen       total 193024K, used 141592K [0x00000000c0000000, 0x00000000cbc80000, 0x00000000eab00000)
  object space 193024K, 73% used [0x00000000c0000000,0x00000000c8a46200,0x00000000cbc80000)
 Metaspace       used 93380K, committed 94528K, reserved 1138688K
  class space    used 9151K, committed 9664K, reserved 1048576K
}
Event: 14410,186 GC heap after
{Heap after GC invocations=2835 (full 68):
 PSYoungGen      total 27136K, used 985K [0x00000000eab00000, 0x00000000ecd00000, 0x0000000100000000)
  eden space 26112K, 0% used [0x00000000eab00000,0x00000000eab00000,0x00000000ec480000)
  from space 1024K, 96% used [0x00000000ecc00000,0x00000000eccf6410,0x00000000ecd00000)
  to   space 2048K, 0% used [0x00000000ec900000,0x00000000ec900000,0x00000000ecb00000)
 ParOldGen       total 193024K, used 142965K [0x00000000c0000000, 0x00000000cbc80000, 0x00000000eab00000)
  object space 193024K, 74% used [0x00000000c0000000,0x00000000c8b9d6d0,0x00000000cbc80000)
 Metaspace       used 93380K, committed 94528K, reserved 1138688K
  class space    used 9151K, committed 9664K, reserved 1048576K
}
Event: 14410,242 GC heap before
{Heap before GC invocations=2836 (full 68):
 PSYoungGen      total 27136K, used 27097K [0x00000000eab00000, 0x00000000ecd00000, 0x0000000100000000)
  eden space 26112K, 100% used [0x00000000eab00000,0x00000000ec480000,0x00000000ec480000)
  from space 1024K, 96% used [0x00000000ecc00000,0x00000000eccf6410,0x00000000ecd00000)
  to   space 2048K, 0% used [0x00000000ec900000,0x00000000ec900000,0x00000000ecb00000)
 ParOldGen       total 193024K, used 142965K [0x00000000c0000000, 0x00000000cbc80000, 0x00000000eab00000)
  object space 193024K, 74% used [0x00000000c0000000,0x00000000c8b9d6d0,0x00000000cbc80000)
 Metaspace       used 93380K, committed 94528K, reserved 1138688K
  class space    used 9151K, committed 9664K, reserved 1048576K
}
Event: 14410,250 GC heap after
{Heap after GC invocations=2836 (full 68):
 PSYoungGen      total 28160K, used 884K [0x00000000eab00000, 0x00000000ecc80000, 0x0000000100000000)
  eden space 26112K, 0% used [0x00000000eab00000,0x00000000eab00000,0x00000000ec480000)
  from space 2048K, 43% used [0x00000000ec900000,0x00000000ec9dd200,0x00000000ecb00000)
  to   space 1024K, 0% used [0x00000000ecb80000,0x00000000ecb80000,0x00000000ecc80000)
 ParOldGen       total 193024K, used 143926K [0x00000000c0000000, 0x00000000cbc80000, 0x00000000eab00000)
  object space 193024K, 74% used [0x00000000c0000000,0x00000000c8c8dbd0,0x00000000cbc80000)
 Metaspace       used 93380K, committed 94528K, reserved 1138688K
  class space    used 9151K, committed 9664K, reserved 1048576K
}
Event: 14410,354 GC heap before
{Heap before GC invocations=2837 (full 68):
 PSYoungGen      total 28160K, used 26996K [0x00000000eab00000, 0x00000000ecc80000, 0x0000000100000000)
  eden space 26112K, 100% used [0x00000000eab00000,0x00000000ec480000,0x00000000ec480000)
  from space 2048K, 43% used [0x00000000ec900000,0x00000000ec9dd200,0x00000000ecb00000)
  to   space 1024K, 0% used [0x00000000ecb80000,0x00000000ecb80000,0x00000000ecc80000)
 ParOldGen       total 193024K, used 143926K [0x00000000c0000000, 0x00000000cbc80000, 0x00000000eab00000)
  object space 193024K, 74% used [0x00000000c0000000,0x00000000c8c8dbd0,0x00000000cbc80000)
 Metaspace       used 93380K, committed 94528K, reserved 1138688K
  class space    used 9151K, committed 9664K, reserved 1048576K
}
Event: 14410,371 GC heap after
{Heap after GC invocations=2837 (full 68):
 PSYoungGen      total 27136K, used 724K [0x00000000eab00000, 0x00000000ecc80000, 0x0000000100000000)
  eden space 26112K, 0% used [0x00000000eab00000,0x00000000eab00000,0x00000000ec480000)
  from space 1024K, 70% used [0x00000000ecb80000,0x00000000ecc35200,0x00000000ecc80000)
  to   space 1024K, 0% used [0x00000000eca80000,0x00000000eca80000,0x00000000ecb80000)
 ParOldGen       total 193024K, used 144743K [0x00000000c0000000, 0x00000000cbc80000, 0x00000000eab00000)
  object space 193024K, 74% used [0x00000000c0000000,0x00000000c8d59e40,0x00000000cbc80000)
 Metaspace       used 93380K, committed 94528K, reserved 1138688K
  class space    used 9151K, committed 9664K, reserved 1048576K
}
Event: 14410,742 GC heap before
{Heap before GC invocations=2838 (full 68):
 PSYoungGen      total 27136K, used 26836K [0x00000000eab00000, 0x00000000ecc80000, 0x0000000100000000)
  eden space 26112K, 100% used [0x00000000eab00000,0x00000000ec480000,0x00000000ec480000)
  from space 1024K, 70% used [0x00000000ecb80000,0x00000000ecc35200,0x00000000ecc80000)
  to   space 1024K, 0% used [0x00000000eca80000,0x00000000eca80000,0x00000000ecb80000)
 ParOldGen       total 193024K, used 144743K [0x00000000c0000000, 0x00000000cbc80000, 0x00000000eab00000)
  object space 193024K, 74% used [0x00000000c0000000,0x00000000c8d59e40,0x00000000cbc80000)
 Metaspace       used 93380K, committed 94528K, reserved 1138688K
  class space    used 9151K, committed 9664K, reserved 1048576K
}

Deoptimization events (20 events):
Event: 14372,987 Thread 0x00007feb481422c0 Uncommon trap: trap_request=0xffffffc6 fr.pc=0x00007feb66b942f4 relative=0x0000000000000894
Event: 14372,987 Thread 0x00007feb481422c0 Uncommon trap: reason=bimorphic_or_optimized_type_check action=maybe_recompile pc=0x00007feb66b942f4 method=org.eclipse.jdt.internal.core.hierarchy.HierarchyResolver.subTypeOfType(Lorg/eclipse/jdt/internal/compiler/lookup/ReferenceBinding;Lorg/eclipse/jdt
Event: 14372,987 Thread 0x00007feb481422c0 DEOPT PACKING pc=0x00007feb66b942f4 sp=0x00007feb14dfd650
Event: 14372,987 Thread 0x00007feb481422c0 DEOPT UNPACKING pc=0x00007feb5e441d93 sp=0x00007feb14dfd610 mode 2
Event: 14373,237 Thread 0x00007feb386cd280 DEOPT PACKING pc=0x00007feb60751491 sp=0x00007feb558fdd70
Event: 14373,237 Thread 0x00007feb386cd280 DEOPT UNPACKING pc=0x00007feb5e442510 sp=0x00007feb558fd2b8 mode 0
Event: 14373,674 Thread 0x00007feb481422c0 Uncommon trap: trap_request=0xffffffc6 fr.pc=0x00007feb66b942f4 relative=0x0000000000000894
Event: 14373,674 Thread 0x00007feb481422c0 Uncommon trap: reason=bimorphic_or_optimized_type_check action=maybe_recompile pc=0x00007feb66b942f4 method=org.eclipse.jdt.internal.core.hierarchy.HierarchyResolver.subTypeOfType(Lorg/eclipse/jdt/internal/compiler/lookup/ReferenceBinding;Lorg/eclipse/jdt
Event: 14373,674 Thread 0x00007feb481422c0 DEOPT PACKING pc=0x00007feb66b942f4 sp=0x00007feb14dfd650
Event: 14373,674 Thread 0x00007feb481422c0 DEOPT UNPACKING pc=0x00007feb5e441d93 sp=0x00007feb14dfd610 mode 2
Event: 14381,613 Thread 0x00007feb481422c0 Uncommon trap: trap_request=0xffffff45 fr.pc=0x00007feb66d9a018 relative=0x0000000000000178
Event: 14381,613 Thread 0x00007feb481422c0 Uncommon trap: reason=unstable_if action=reinterpret pc=0x00007feb66d9a018 method=org.eclipse.jdt.internal.codeassist.impl.AssistParser.popElement(I)V @ 42 c2
Event: 14381,613 Thread 0x00007feb481422c0 DEOPT PACKING pc=0x00007feb66d9a018 sp=0x00007feb14dfdc20
Event: 14381,613 Thread 0x00007feb481422c0 DEOPT UNPACKING pc=0x00007feb5e441d93 sp=0x00007feb14dfdbd8 mode 2
Event: 14402,066 Thread 0x00007feb7052d300 DEOPT PACKING pc=0x00007feb5ff3df19 sp=0x00007feb542fe5e0
Event: 14402,066 Thread 0x00007feb7052d300 DEOPT UNPACKING pc=0x00007feb5e442510 sp=0x00007feb542fdb50 mode 0
Event: 14402,620 Thread 0x00007feb481422c0 Uncommon trap: trap_request=0xffffffcc fr.pc=0x00007feb6738fb54 relative=0x0000000000000654
Event: 14402,620 Thread 0x00007feb481422c0 Uncommon trap: reason=intrinsic_or_type_checked_inlining action=make_not_entrant pc=0x00007feb6738fb54 method=org.eclipse.jdt.internal.compiler.parser.Parser.consumeConstructorDeclaration()V @ 146 c2
Event: 14402,620 Thread 0x00007feb481422c0 DEOPT PACKING pc=0x00007feb6738fb54 sp=0x00007feb54efd4c0
Event: 14402,620 Thread 0x00007feb481422c0 DEOPT UNPACKING pc=0x00007feb5e441d93 sp=0x00007feb54efd460 mode 2

Classes unloaded (20 events):
Event: 13358,255 Thread 0x00007feb7010f1a0 Unloading class 0x00000001006a5800 'jdk/internal/reflect/GeneratedConstructorAccessor55'
Event: 13358,255 Thread 0x00007feb7010f1a0 Unloading class 0x00000001006ad800 'jdk/internal/reflect/GeneratedMethodAccessor46'
Event: 13358,255 Thread 0x00007feb7010f1a0 Unloading class 0x0000000100898800 'jdk/internal/reflect/GeneratedConstructorAccessor46'
Event: 13358,255 Thread 0x00007feb7010f1a0 Unloading class 0x0000000100889400 'jdk/internal/reflect/GeneratedConstructorAccessor43'
Event: 13358,255 Thread 0x00007feb7010f1a0 Unloading class 0x0000000100889000 'jdk/internal/reflect/GeneratedConstructorAccessor42'
Event: 13358,255 Thread 0x00007feb7010f1a0 Unloading class 0x0000000100888800 'jdk/internal/reflect/GeneratedConstructorAccessor40'
Event: 13358,255 Thread 0x00007feb7010f1a0 Unloading class 0x0000000100888400 'jdk/internal/reflect/GeneratedConstructorAccessor39'
Event: 13358,255 Thread 0x00007feb7010f1a0 Unloading class 0x0000000100888000 'jdk/internal/reflect/GeneratedConstructorAccessor38'
Event: 13358,255 Thread 0x00007feb7010f1a0 Unloading class 0x0000000100841000 'java/lang/invoke/LambdaForm$MH+0x0000000100841000'
Event: 13358,255 Thread 0x00007feb7010f1a0 Unloading class 0x0000000100840c00 'java/lang/invoke/LambdaForm$MH+0x0000000100840c00'
Event: 13358,255 Thread 0x00007feb7010f1a0 Unloading class 0x0000000100840800 'java/lang/invoke/LambdaForm$MH+0x0000000100840800'
Event: 13358,255 Thread 0x00007feb7010f1a0 Unloading class 0x0000000100840400 'java/lang/invoke/LambdaForm$MH+0x0000000100840400'
Event: 13358,255 Thread 0x00007feb7010f1a0 Unloading class 0x0000000100840000 'java/lang/invoke/LambdaForm$MH+0x0000000100840000'
Event: 13358,255 Thread 0x00007feb7010f1a0 Unloading class 0x00000001006ac800 'jdk/internal/reflect/GeneratedMethodAccessor17'
Event: 13358,255 Thread 0x00007feb7010f1a0 Unloading class 0x00000001006a4400 'jdk/internal/reflect/GeneratedMethodAccessor12'
Event: 13358,255 Thread 0x00007feb7010f1a0 Unloading class 0x0000000100690000 'jdk/internal/reflect/GeneratedConstructorAccessor26'
Event: 13358,255 Thread 0x00007feb7010f1a0 Unloading class 0x0000000100634c00 'java/lang/invoke/LambdaForm$MH+0x0000000100634c00'
Event: 13358,255 Thread 0x00007feb7010f1a0 Unloading class 0x0000000100634800 'java/lang/invoke/LambdaForm$MH+0x0000000100634800'
Event: 13358,255 Thread 0x00007feb7010f1a0 Unloading class 0x0000000100634000 'java/lang/invoke/LambdaForm$MH+0x0000000100634000'
Event: 13358,255 Thread 0x00007feb7010f1a0 Unloading class 0x0000000100390400 'java/lang/invoke/LambdaForm$MH+0x0000000100390400'

Classes redefined (0 events):
No events

Internal exceptions (20 events):
Event: 14331,188 Thread 0x00007feb386cd280 Exception <a 'java/lang/NullPointerException'{0x00000000eb6abae0}> (0x00000000eb6abae0) 
thrown [src/hotspot/share/runtime/sharedRuntime.cpp, line 628]
Event: 14331,188 Thread 0x00007feb386cd280 Implicit null exception at 0x00007feb6024343f to 0x00007feb602481ca
Event: 14331,188 Thread 0x00007feb386cd280 Exception <a 'java/lang/NullPointerException'{0x00000000eb6ac440}> (0x00000000eb6ac440) 
thrown [src/hotspot/share/runtime/sharedRuntime.cpp, line 628]
Event: 14331,188 Thread 0x00007feb386cd280 Implicit null exception at 0x00007feb6024343f to 0x00007feb602481ca
Event: 14331,188 Thread 0x00007feb386cd280 Exception <a 'java/lang/NullPointerException'{0x00000000eb6ac9c0}> (0x00000000eb6ac9c0) 
thrown [src/hotspot/share/runtime/sharedRuntime.cpp, line 628]
Event: 14331,188 Thread 0x00007feb386cd280 Implicit null exception at 0x00007feb6024343f to 0x00007feb602481ca
Event: 14331,188 Thread 0x00007feb386cd280 Exception <a 'java/lang/NullPointerException'{0x00000000eb6acf40}> (0x00000000eb6acf40) 
thrown [src/hotspot/share/runtime/sharedRuntime.cpp, line 628]
Event: 14331,205 Thread 0x00007feb386cd280 Implicit null exception at 0x00007feb6024343f to 0x00007feb602481ca
Event: 14331,205 Thread 0x00007feb386cd280 Exception <a 'java/lang/NullPointerException'{0x00000000ebecf428}> (0x00000000ebecf428) 
thrown [src/hotspot/share/runtime/sharedRuntime.cpp, line 628]
Event: 14331,205 Thread 0x00007feb386cd280 Implicit null exception at 0x00007feb6024343f to 0x00007feb602481ca
Event: 14331,205 Thread 0x00007feb386cd280 Exception <a 'java/lang/NullPointerException'{0x00000000ebecf9a8}> (0x00000000ebecf9a8) 
thrown [src/hotspot/share/runtime/sharedRuntime.cpp, line 628]
Event: 14331,205 Thread 0x00007feb386cd280 Implicit null exception at 0x00007feb6024343f to 0x00007feb602481ca
Event: 14331,205 Thread 0x00007feb386cd280 Exception <a 'java/lang/NullPointerException'{0x00000000ebecff28}> (0x00000000ebecff28) 
thrown [src/hotspot/share/runtime/sharedRuntime.cpp, line 628]
Event: 14331,205 Thread 0x00007feb386cd280 Implicit null exception at 0x00007feb6024343f to 0x00007feb602481ca
Event: 14331,205 Thread 0x00007feb386cd280 Exception <a 'java/lang/NullPointerException'{0x00000000ebed0888}> (0x00000000ebed0888) 
thrown [src/hotspot/share/runtime/sharedRuntime.cpp, line 628]
Event: 14331,205 Thread 0x00007feb386cd280 Implicit null exception at 0x00007feb6024343f to 0x00007feb602481ca
Event: 14331,205 Thread 0x00007feb386cd280 Exception <a 'java/lang/NullPointerException'{0x00000000ebed0e08}> (0x00000000ebed0e08) 
thrown [src/hotspot/share/runtime/sharedRuntime.cpp, line 628]
Event: 14331,205 Thread 0x00007feb386cd280 Implicit null exception at 0x00007feb6024343f to 0x00007feb602481ca
Event: 14331,205 Thread 0x00007feb386cd280 Exception <a 'java/lang/NullPointerException'{0x00000000ebed1388}> (0x00000000ebed1388) 
thrown [src/hotspot/share/runtime/sharedRuntime.cpp, line 628]
Event: 14331,584 Thread 0x00007feb2c8dc0f0 Exception <a 'sun/nio/fs/UnixException'{0x00000000eb3e0028}> (0x00000000eb3e0028) 
thrown [src/hotspot/share/prims/jni.cpp, line 516]

VM Operations (20 events):
Event: 14408,648 Executing VM operation: ParallelGCFailedAllocation done
Event: 14408,718 Executing VM operation: ParallelGCFailedAllocation
Event: 14408,734 Executing VM operation: ParallelGCFailedAllocation done
Event: 14408,779 Executing VM operation: ParallelGCFailedAllocation
Event: 14408,782 Executing VM operation: ParallelGCFailedAllocation done
Event: 14409,075 Executing VM operation: ParallelGCFailedAllocation
Event: 14409,086 Executing VM operation: ParallelGCFailedAllocation done
Event: 14409,541 Executing VM operation: ParallelGCFailedAllocation
Event: 14409,554 Executing VM operation: ParallelGCFailedAllocation done
Event: 14409,676 Executing VM operation: ParallelGCFailedAllocation
Event: 14410,108 Executing VM operation: ParallelGCFailedAllocation done
Event: 14410,131 Executing VM operation: ParallelGCFailedAllocation
Event: 14410,143 Executing VM operation: ParallelGCFailedAllocation done
Event: 14410,173 Executing VM operation: ParallelGCFailedAllocation
Event: 14410,186 Executing VM operation: ParallelGCFailedAllocation done
Event: 14410,230 Executing VM operation: ParallelGCFailedAllocation
Event: 14410,258 Executing VM operation: ParallelGCFailedAllocation done
Event: 14410,350 Executing VM operation: ParallelGCFailedAllocation
Event: 14410,371 Executing VM operation: ParallelGCFailedAllocation done
Event: 14410,738 Executing VM operation: ParallelGCFailedAllocation

Events (20 events):
Event: 14408,959 Thread 0x00007feb481422c0 Thread added: 0x00007feb481422c0
Event: 14408,959 Protecting memory [0x00007feb14d00000,0x00007feb14d04000] with protection modes 0
Event: 14409,177 Thread 0x00007feb481422c0 Thread exited: 0x00007feb481422c0
Event: 14409,497 Thread 0x00007feb481422c0 Thread added: 0x00007feb481422c0
Event: 14409,499 Protecting memory [0x00007feb14d00000,0x00007feb14d04000] with protection modes 0
Event: 14409,519 Thread 0x00007feb4807c110 Thread added: 0x00007feb4807c110
Event: 14409,519 Thread 0x00007feb481422c0 Thread exited: 0x00007feb481422c0
Event: 14409,520 Protecting memory [0x00007feb54e00000,0x00007feb54e04000] with protection modes 0
Event: 14410,109 Thread 0x00007feb481422c0 Thread added: 0x00007feb481422c0
Event: 14410,109 Protecting memory [0x00007feb14d00000,0x00007feb14d04000] with protection modes 0
Event: 14410,110 Thread 0x00007feb481422c0 Thread exited: 0x00007feb481422c0
Event: 14410,257 Thread 0x00007feb4807c110 Thread exited: 0x00007feb4807c110
Event: 14410,671 Thread 0x00007feb481422c0 Thread added: 0x00007feb481422c0
Event: 14410,671 Protecting memory [0x00007feb54e00000,0x00007feb54e04000] with protection modes 0
Event: 14410,672 Thread 0x00007feb481422c0 Thread exited: 0x00007feb481422c0
Event: 14410,719 Thread 0x00007feb481422c0 Thread added: 0x00007feb481422c0
Event: 14410,719 Protecting memory [0x00007feb54e00000,0x00007feb54e04000] with protection modes 0
Event: 14410,727 Thread 0x00007feb4807c110 Thread added: 0x00007feb4807c110
Event: 14410,727 Protecting memory [0x00007feb14d00000,0x00007feb14d04000] with protection modes 0
Event: 14410,727 Thread 0x00007feb4807c110 Thread exited: 0x00007feb4807c110


Dynamic libraries:
c0000000-cbc80000 rw-p 00000000 00:00 0 
cbc80000-eab00000 ---p 00000000 00:00 0 
eab00000-ecc80000 rw-p 00000000 00:00 0 
ecc80000-100000000 ---p 00000000 00:00 0 
100000000-100020000 rw-p 00000000 00:00 0 
100020000-100040000 rw-p 00000000 00:00 0 
100040000-1000c0000 rw-p 00000000 00:00 0 
1000c0000-1000e0000 rw-p 00000000 00:00 0 
1000e0000-100140000 rw-p 00000000 00:00 0 
100140000-100180000 rw-p 00000000 00:00 0 
100180000-1002c0000 rw-p 00000000 00:00 0 
1002c0000-100300000 rw-p 00000000 00:00 0 
100300000-100500000 rw-p 00000000 00:00 0 
100500000-1007c0000 rw-p 00000000 00:00 0 
1007c0000-100800000 rw-p 00000000 00:00 0 
100800000-1008c0000 rw-p 00000000 00:00 0 
1008c0000-100970000 rw-p 00000000 00:00 0 
100970000-140000000 ---p 00000000 00:00 0 
55a450c03000-55a450c04000 r--p 00000000 08:05 917961                     /home/alan/.vscode/extensions/redhat.java-1.11.0-linux-x64/jre/17.0.4.1-linux-x86_64/bin/java
55a450c04000-55a450c05000 r-xp 00001000 08:05 917961                     /home/alan/.vscode/extensions/redhat.java-1.11.0-linux-x64/jre/17.0.4.1-linux-x86_64/bin/java
55a450c05000-55a450c06000 r--p 00002000 08:05 917961                     /home/alan/.vscode/extensions/redhat.java-1.11.0-linux-x64/jre/17.0.4.1-linux-x86_64/bin/java
55a450c06000-55a450c07000 r--p 00002000 08:05 917961                     /home/alan/.vscode/extensions/redhat.java-1.11.0-linux-x64/jre/17.0.4.1-linux-x86_64/bin/java
55a450c07000-55a450c08000 rw-p 00003000 08:05 917961                     /home/alan/.vscode/extensions/redhat.java-1.11.0-linux-x64/jre/17.0.4.1-linux-x86_64/bin/java
55a4512e5000-55a4519f8000 rw-p 00000000 00:00 0                          [heap]
7feb11400000-7feb11404000 ---p 00000000 00:00 0 
7feb11404000-7feb11500000 rw-p 00000000 00:00 0 
7feb11500000-7feb11504000 ---p 00000000 00:00 0 
7feb11504000-7feb11600000 rw-p 00000000 00:00 0 
7feb11600000-7feb11604000 ---p 00000000 00:00 0 
7feb11604000-7feb11700000 rw-p 00000000 00:00 0 
7feb11700000-7feb11704000 ---p 00000000 00:00 0 
7feb11704000-7feb11800000 rw-p 00000000 00:00 0 
7feb11800000-7feb11804000 ---p 00000000 00:00 0 
7feb11804000-7feb11900000 rw-p 00000000 00:00 0 
7feb11900000-7feb11904000 ---p 00000000 00:00 0 
7feb11904000-7feb11a00000 rw-p 00000000 00:00 0 
7feb11a00000-7feb11a04000 ---p 00000000 00:00 0 
7feb11a04000-7feb11b00000 rw-p 00000000 00:00 0 
7feb11b00000-7feb11b04000 ---p 00000000 00:00 0 
7feb11b04000-7feb11ed0000 rw-p 00000000 00:00 0 
7feb11ed0000-7feb11f00000 ---p 00000000 00:00 0 
7feb11f00000-7feb11f10000 rw-p 00000000 00:00 0 
7feb11f10000-7feb12404000 ---p 00000000 00:00 0 
7feb12404000-7feb12500000 rw-p 00000000 00:00 0 
7feb12500000-7feb12504000 ---p 00000000 00:00 0 
7feb12504000-7feb12600000 rw-p 00000000 00:00 0 
7feb12600000-7feb12604000 ---p 00000000 00:00 0 
7feb12604000-7feb12700000 rw-p 00000000 00:00 0 
7feb12700000-7feb12704000 ---p 00000000 00:00 0 
7feb12704000-7feb12800000 rw-p 00000000 00:00 0 
7feb12800000-7feb12804000 ---p 00000000 00:00 0 
7feb12804000-7feb12900000 rw-p 00000000 00:00 0 
7feb12900000-7feb12904000 ---p 00000000 00:00 0 
7feb12904000-7feb12a00000 rw-p 00000000 00:00 0 
7feb12a00000-7feb12a04000 ---p 00000000 00:00 0 
7feb12a04000-7feb12b00000 rw-p 00000000 00:00 0 
7feb12b00000-7feb12b04000 ---p 00000000 00:00 0 
7feb12b04000-7feb12c00000 rw-p 00000000 00:00 0 
7feb12c00000-7feb12c04000 ---p 00000000 00:00 0 
7feb12c04000-7feb12d00000 rw-p 00000000 00:00 0 
7feb12d00000-7feb12d04000 ---p 00000000 00:00 0 
7feb12d04000-7feb12e00000 rw-p 00000000 00:00 0 
7feb12e00000-7feb12e04000 ---p 00000000 00:00 0 
7feb12e04000-7feb12f00000 rw-p 00000000 00:00 0 
7feb12f00000-7feb12f04000 ---p 00000000 00:00 0 
7feb12f04000-7feb13000000 rw-p 00000000 00:00 0 
7feb13000000-7feb13004000 ---p 00000000 00:00 0 
7feb13004000-7feb13100000 rw-p 00000000 00:00 0 
7feb13100000-7feb13104000 ---p 00000000 00:00 0 
7feb13104000-7feb13200000 rw-p 00000000 00:00 0 
7feb13200000-7feb13204000 ---p 00000000 00:00 0 
7feb13204000-7feb13300000 rw-p 00000000 00:00 0 
7feb13300000-7feb13304000 ---p 00000000 00:00 0 
7feb13304000-7feb13400000 rw-p 00000000 00:00 0 
7feb13400000-7feb13404000 ---p 00000000 00:00 0 
7feb13404000-7feb13500000 rw-p 00000000 00:00 0 
7feb13500000-7feb13504000 ---p 00000000 00:00 0 
7feb13504000-7feb13600000 rw-p 00000000 00:00 0 
7feb13600000-7feb13604000 ---p 00000000 00:00 0 
7feb13604000-7feb13700000 rw-p 00000000 00:00 0 
7feb13700000-7feb13704000 ---p 00000000 00:00 0 
7feb13704000-7feb13900000 rw-p 00000000 00:00 0 
7feb13900000-7feb13a00000 rw-p 00000000 00:00 0 
7feb13a00000-7feb14000000 rw-p 00000000 00:00 0 
7feb14000000-7feb14004000 ---p 00000000 00:00 0 
7feb14004000-7feb14100000 rw-p 00000000 00:00 0 
7feb14100000-7feb14104000 ---p 00000000 00:00 0 
7feb14104000-7feb14200000 rw-p 00000000 00:00 0 
7feb14200000-7feb14204000 ---p 00000000 00:00 0 
7feb14204000-7feb14300000 rw-p 00000000 00:00 0 
7feb14300000-7feb14304000 ---p 00000000 00:00 0 
7feb14304000-7feb14660000 rw-p 00000000 00:00 0 
7feb14660000-7feb14680000 rw-p 00000000 00:00 0 
7feb14680000-7feb14700000 rw-p 00000000 00:00 0 
7feb14700000-7feb14880000 rw-p 00000000 00:00 0 
7feb14880000-7feb14900000 rw-p 00000000 00:00 0 
7feb14900000-7feb14c00000 rw-p 00000000 00:00 0 
7feb14c00000-7feb14c04000 ---p 00000000 00:00 0 
7feb14c04000-7feb14d00000 rw-p 00000000 00:00 0 
7feb14d00000-7feb14d04000 ---p 00000000 00:00 0 
7feb14d04000-7feb14e00000 rw-p 00000000 00:00 0 
7feb14e00000-7feb14e04000 ---p 00000000 00:00 0 
7feb14e04000-7feb14f00000 rw-p 00000000 00:00 0 
7feb14f00000-7feb14f04000 ---p 00000000 00:00 0 
7feb14f04000-7feb15100000 rw-p 00000000 00:00 0 
7feb15100000-7feb15200000 rw-p 00000000 00:00 0 
7feb15200000-7feb155c0000 rw-p 00000000 00:00 0 
7feb155c0000-7feb15600000 rw-p 00000000 00:00 0 
7feb15600000-7feb15800000 rw-p 00000000 00:00 0 
7feb15800000-7feb15804000 ---p 00000000 00:00 0 
7feb15804000-7feb15900000 rw-p 00000000 00:00 0 
7feb15900000-7feb15904000 ---p 00000000 00:00 0 
7feb15904000-7feb15a00000 rw-p 00000000 00:00 0 
7feb15a00000-7feb15a04000 ---p 00000000 00:00 0 
7feb15a04000-7feb15b00000 rw-p 00000000 00:00 0 
7feb15b00000-7feb15b04000 ---p 00000000 00:00 0 
7feb15b04000-7feb15f80000 rw-p 00000000 00:00 0 
7feb15f80000-7feb16000000 rw-p 00000000 00:00 0 
7feb16000000-7feb16400000 rw-p 00000000 00:00 0 
7feb16400000-7feb16404000 ---p 00000000 00:00 0 
7feb16404000-7feb16500000 rw-p 00000000 00:00 0 
7feb16500000-7feb16504000 ---p 00000000 00:00 0 
7feb16504000-7feb16600000 rw-p 00000000 00:00 0 
7feb16600000-7feb16604000 ---p 00000000 00:00 0 
7feb16604000-7feb16700000 rw-p 00000000 00:00 0 
7feb16700000-7feb16704000 ---p 00000000 00:00 0 
7feb16704000-7feb17000000 rw-p 00000000 00:00 0 
7feb17011000-7feb1f800000 r--s 00000000 08:05 263129                     /usr/lib/jvm/java-11-openjdk-amd64/lib/modules
7feb1f800000-7feb1fd00000 rw-p 00000000 00:00 0 
7feb1fd00000-7feb1fe00000 rw-p 00000000 00:00 0 
7feb1fe00000-7feb20000000 rw-p 00000000 00:00 0 
7feb20000000-7feb20169000 rw-p 00000000 00:00 0 
7feb20169000-7feb24000000 ---p 00000000 00:00 0 
7feb24000000-7feb24057000 rw-p 00000000 00:00 0 
7feb24057000-7feb28000000 ---p 00000000 00:00 0 
7feb28000000-7feb28132000 rw-p 00000000 00:00 0 
7feb28132000-7feb2c000000 ---p 00000000 00:00 0 
7feb2c000000-7feb2cb13000 rw-p 00000000 00:00 0 
7feb2cb13000-7feb30000000 ---p 00000000 00:00 0 
7feb30000000-7feb310cf000 rw-p 00000000 00:00 0 
7feb310cf000-7feb34000000 ---p 00000000 00:00 0 
7feb34000000-7feb34285000 rw-p 00000000 00:00 0 
7feb34285000-7feb38000000 ---p 00000000 00:00 0 
7feb38000000-7feb386f8000 rw-p 00000000 00:00 0 
7feb386f8000-7feb3c000000 ---p 00000000 00:00 0 
7feb3c000000-7feb3fbc1000 rw-p 00000000 00:00 0 
7feb3fbc1000-7feb40000000 ---p 00000000 00:00 0 
7feb40000000-7feb40247000 rw-p 00000000 00:00 0 
7feb40247000-7feb44000000 ---p 00000000 00:00 0 
7feb44000000-7feb441b1000 rw-p 00000000 00:00 0 
7feb441b1000-7feb48000000 ---p 00000000 00:00 0 
7feb48000000-7feb482ad000 rw-p 00000000 00:00 0 
7feb482ad000-7feb4c000000 ---p 00000000 00:00 0 
7feb4c000000-7feb4c2db000 rw-p 00000000 00:00 0 
7feb4c2db000-7feb50000000 ---p 00000000 00:00 0 
7feb50000000-7feb50218000 rw-p 00000000 00:00 0 
7feb50218000-7feb54000000 ---p 00000000 00:00 0 
7feb540de000-7feb540e2000 ---p 00000000 00:00 0 
7feb540e2000-7feb541de000 rw-p 00000000 00:00 0 
7feb54200000-7feb54204000 ---p 00000000 00:00 0 
7feb54204000-7feb54300000 rw-p 00000000 00:00 0 
7feb54300000-7feb54304000 ---p 00000000 00:00 0 
7feb54304000-7feb547c0000 rw-p 00000000 00:00 0 
7feb547c0000-7feb54800000 rw-p 00000000 00:00 0 
7feb54800000-7feb54900000 rw-p 00000000 00:00 0 
7feb54900000-7feb54a00000 rw-p 00000000 00:00 0 
7feb54a00000-7feb54c00000 rw-p 00000000 00:00 0 
7feb54c00000-7feb54c04000 ---p 00000000 00:00 0 
7feb54c04000-7feb54d00000 rw-p 00000000 00:00 0 
7feb54d00000-7feb54d04000 ---p 00000000 00:00 0 
7feb54d04000-7feb54e00000 rw-p 00000000 00:00 0 
7feb54e00000-7feb54e04000 ---p 00000000 00:00 0 
7feb54e04000-7feb54f00000 rw-p 00000000 00:00 0 
7feb54f00000-7feb54f04000 ---p 00000000 00:00 0 
7feb54f04000-7feb55100000 rw-p 00000000 00:00 0 
7feb55100000-7feb55500000 rw-p 00000000 00:00 0 
7feb55500000-7feb55600000 rw-p 00000000 00:00 0 
7feb55600000-7feb55800000 rw-p 00000000 00:00 0 
7feb55800000-7feb55804000 ---p 00000000 00:00 0 
7feb55804000-7feb55900000 rw-p 00000000 00:00 0 
7feb55900000-7feb55904000 ---p 00000000 00:00 0 
7feb55904000-7feb55a00000 rw-p 00000000 00:00 0 
7feb55a00000-7feb55a10000 r-xp 00000000 08:05 918673                     /home/alan/.config/Code/User/globalStorage/redhat.java/1.11.0/config_linux/org.eclipse.equinox.launcher/org.eclipse.equinox.launcher.gtk.linux.x86_64_1.2.600.v20220720-1916/eclipse_11701.so
7feb55a10000-7feb55c0f000 ---p 00010000 08:05 918673                     /home/alan/.config/Code/User/globalStorage/redhat.java/1.11.0/config_linux/org.eclipse.equinox.launcher/org.eclipse.equinox.launcher.gtk.linux.x86_64_1.2.600.v20220720-1916/eclipse_11701.so
7feb55c0f000-7feb55c10000 r--p 0000f000 08:05 918673                     /home/alan/.config/Code/User/globalStorage/redhat.java/1.11.0/config_linux/org.eclipse.equinox.launcher/org.eclipse.equinox.launcher.gtk.linux.x86_64_1.2.600.v20220720-1916/eclipse_11701.so
7feb55c10000-7feb55c11000 rw-p 00010000 08:05 918673                     /home/alan/.config/Code/User/globalStorage/redhat.java/1.11.0/config_linux/org.eclipse.equinox.launcher/org.eclipse.equinox.launcher.gtk.linux.x86_64_1.2.600.v20220720-1916/eclipse_11701.so
7feb55c11000-7feb55c12000 rw-p 00000000 00:00 0 
7feb55d00000-7feb55d04000 ---p 00000000 00:00 0 
7feb55d04000-7feb55e00000 rw-p 00000000 00:00 0 
7feb55e00000-7feb55e04000 ---p 00000000 00:00 0 
7feb55e04000-7feb55f00000 rw-p 00000000 00:00 0 
7feb55f00000-7feb55f04000 ---p 00000000 00:00 0 
7feb55f04000-7feb56100000 rw-p 00000000 00:00 0 
7feb56100000-7feb56200000 rw-p 00000000 00:00 0 
7feb56200000-7feb56300000 rw-p 00000000 00:00 0 
7feb56300000-7feb56400000 rw-p 00000000 00:00 0 
7feb56400000-7feb56580000 rw-p 00000000 00:00 0 
7feb56580000-7feb56600000 rw-p 00000000 00:00 0 
7feb56600000-7feb567c0000 rw-p 00000000 00:00 0 
7feb567c0000-7feb56800000 rw-p 00000000 00:00 0 
7feb56888000-7feb56889000 ---p 00000000 00:00 0 
7feb56889000-7feb5698a000 rw-p 00000000 00:00 0 
7feb5698a000-7feb5698b000 ---p 00000000 00:00 0 
7feb5698b000-7feb56a8c000 rw-p 00000000 00:00 0 
7feb56a8c000-7feb56a90000 ---p 00000000 00:00 0 
7feb56a90000-7feb56b8c000 rw-p 00000000 00:00 0 
7feb56b8c000-7feb56b90000 ---p 00000000 00:00 0 
7feb56b90000-7feb56c8c000 rw-p 00000000 00:00 0 
7feb56c8c000-7feb56c90000 ---p 00000000 00:00 0 
7feb56c90000-7feb56d8c000 rw-p 00000000 00:00 0 
7feb56d8c000-7feb56d90000 ---p 00000000 00:00 0 
7feb56d90000-7feb56e8c000 rw-p 00000000 00:00 0 
7feb56e8c000-7feb57400000 r--p 00000000 08:05 264812                     /usr/lib/locale/locale-archive
7feb57400000-7feb57800000 rw-p 00000000 00:00 0 
7feb57800000-7feb57880000 rw-p 00000000 00:00 0 
7feb57880000-7feb57900000 rw-p 00000000 00:00 0 
7feb57900000-7feb57c00000 rw-p 00000000 00:00 0 
7feb57c00000-7feb57c04000 ---p 00000000 00:00 0 
7feb57c04000-7feb57d00000 rw-p 00000000 00:00 0 
7feb57d00000-7feb57d04000 ---p 00000000 00:00 0 
7feb57d04000-7feb57e00000 rw-p 00000000 00:00 0 
7feb57e00000-7feb57e04000 ---p 00000000 00:00 0 
7feb57e04000-7feb57f00000 rw-p 00000000 00:00 0 
7feb57f00000-7feb57f04000 ---p 00000000 00:00 0 
7feb57f04000-7feb58000000 rw-p 00000000 00:00 0 
7feb58000000-7feb58430000 rw-p 00000000 00:00 0 
7feb58430000-7feb5c000000 ---p 00000000 00:00 0 
7feb5c0ee000-7feb5c0f2000 ---p 00000000 00:00 0 
7feb5c0f2000-7feb5c1ee000 rw-p 00000000 00:00 0 
7feb5c1ee000-7feb5c1f2000 ---p 00000000 00:00 0 
7feb5c1f2000-7feb5c2ee000 rw-p 00000000 00:00 0 
7feb5c2ee000-7feb5c2ef000 ---p 00000000 00:00 0 
7feb5c2ef000-7feb5e3f0000 rw-p 00000000 00:00 0 
7feb5e3f0000-7feb5e660000 rwxp 00000000 00:00 0 
7feb5e660000-7feb5e97f000 ---p 00000000 00:00 0 
7feb5e97f000-7feb6107f000 rwxp 00000000 00:00 0 
7feb6107f000-7feb65eb7000 ---p 00000000 00:00 0 
7feb65eb7000-7feb67397000 rwxp 00000000 00:00 0 
7feb67397000-7feb6d3f0000 ---p 00000000 00:00 0 
7feb6d3f0000-7feb70000000 r--s 00000000 08:05 918367                     /home/alan/.vscode/extensions/redhat.java-1.11.0-linux-x64/jre/17.0.4.1-linux-x86_64/lib/modules
7feb70000000-7feb70698000 rw-p 00000000 00:00 0 
7feb70698000-7feb74000000 ---p 00000000 00:00 0 
7feb74076000-7feb74077000 r--p 00000000 08:05 280222                     /usr/lib/x86_64-linux-gnu/libnss_mdns4_minimal.so.2
7feb74077000-7feb74079000 r-xp 00001000 08:05 280222                     /usr/lib/x86_64-linux-gnu/libnss_mdns4_minimal.so.2
7feb74079000-7feb7407a000 r--p 00003000 08:05 280222                     /usr/lib/x86_64-linux-gnu/libnss_mdns4_minimal.so.2
7feb7407a000-7feb7407b000 r--p 00003000 08:05 280222                     /usr/lib/x86_64-linux-gnu/libnss_mdns4_minimal.so.2
7feb7407b000-7feb7407c000 rw-p 00004000 08:05 280222                     /usr/lib/x86_64-linux-gnu/libnss_mdns4_minimal.so.2
7feb7408d000-7feb7408e000 r--p 00000000 08:05 918338                     /home/alan/.vscode/extensions/redhat.java-1.11.0-linux-x64/jre/17.0.4.1-linux-x86_64/lib/libextnet.so
7feb7408e000-7feb7408f000 r-xp 00001000 08:05 918338                     /home/alan/.vscode/extensions/redhat.java-1.11.0-linux-x64/jre/17.0.4.1-linux-x86_64/lib/libextnet.so
7feb7408f000-7feb74090000 r--p 00002000 08:05 918338                     /home/alan/.vscode/extensions/redhat.java-1.11.0-linux-x64/jre/17.0.4.1-linux-x86_64/lib/libextnet.so
7feb74090000-7feb74091000 r--p 00002000 08:05 918338                     /home/alan/.vscode/extensions/redhat.java-1.11.0-linux-x64/jre/17.0.4.1-linux-x86_64/lib/libextnet.so
7feb74091000-7feb74092000 rw-p 00003000 08:05 918338                     /home/alan/.vscode/extensions/redhat.java-1.11.0-linux-x64/jre/17.0.4.1-linux-x86_64/lib/libextnet.so
7feb740ad000-7feb740b4000 r--s 00000000 08:05 439296                     /usr/lib/x86_64-linux-gnu/gconv/gconv-modules.cache
7feb740b4000-7feb740b8000 r--p 00000000 08:05 918365                     /home/alan/.vscode/extensions/redhat.java-1.11.0-linux-x64/jre/17.0.4.1-linux-x86_64/lib/libverify.so
7feb740b8000-7feb740bf000 r-xp 00004000 08:05 918365                     /home/alan/.vscode/extensions/redhat.java-1.11.0-linux-x64/jre/17.0.4.1-linux-x86_64/lib/libverify.so
7feb740bf000-7feb740c1000 r--p 0000b000 08:05 918365                     /home/alan/.vscode/extensions/redhat.java-1.11.0-linux-x64/jre/17.0.4.1-linux-x86_64/lib/libverify.so
7feb740c1000-7feb740c3000 r--p 0000c000 08:05 918365                     /home/alan/.vscode/extensions/redhat.java-1.11.0-linux-x64/jre/17.0.4.1-linux-x86_64/lib/libverify.so
7feb740c3000-7feb740c4000 rw-p 0000e000 08:05 918365                     /home/alan/.vscode/extensions/redhat.java-1.11.0-linux-x64/jre/17.0.4.1-linux-x86_64/lib/libverify.so
7feb740c4000-7feb740c8000 r--p 00000000 08:05 918358                     /home/alan/.vscode/extensions/redhat.java-1.11.0-linux-x64/jre/17.0.4.1-linux-x86_64/lib/libnet.so
7feb740c8000-7feb740d6000 r-xp 00004000 08:05 918358                     /home/alan/.vscode/extensions/redhat.java-1.11.0-linux-x64/jre/17.0.4.1-linux-x86_64/lib/libnet.so
7feb740d6000-7feb740da000 r--p 00012000 08:05 918358                     /home/alan/.vscode/extensions/redhat.java-1.11.0-linux-x64/jre/17.0.4.1-linux-x86_64/lib/libnet.so
7feb740da000-7feb740db000 r--p 00015000 08:05 918358                     /home/alan/.vscode/extensions/redhat.java-1.11.0-linux-x64/jre/17.0.4.1-linux-x86_64/lib/libnet.so
7feb740db000-7feb740dc000 rw-p 00016000 08:05 918358                     /home/alan/.vscode/extensions/redhat.java-1.11.0-linux-x64/jre/17.0.4.1-linux-x86_64/lib/libnet.so
7feb740dc000-7feb740e3000 r--p 00000000 08:05 918359                     /home/alan/.vscode/extensions/redhat.java-1.11.0-linux-x64/jre/17.0.4.1-linux-x86_64/lib/libnio.so
7feb740e3000-7feb740ec000 r-xp 00007000 08:05 918359                     /home/alan/.vscode/extensions/redhat.java-1.11.0-linux-x64/jre/17.0.4.1-linux-x86_64/lib/libnio.so
7feb740ec000-7feb740f0000 r--p 00010000 08:05 918359                     /home/alan/.vscode/extensions/redhat.java-1.11.0-linux-x64/jre/17.0.4.1-linux-x86_64/lib/libnio.so
7feb740f0000-7feb740f1000 ---p 00014000 08:05 918359                     /home/alan/.vscode/extensions/redhat.java-1.11.0-linux-x64/jre/17.0.4.1-linux-x86_64/lib/libnio.so
7feb740f1000-7feb740f2000 r--p 00014000 08:05 918359                     /home/alan/.vscode/extensions/redhat.java-1.11.0-linux-x64/jre/17.0.4.1-linux-x86_64/lib/libnio.so
7feb740f2000-7feb740f3000 rw-p 00015000 08:05 918359                     /home/alan/.vscode/extensions/redhat.java-1.11.0-linux-x64/jre/17.0.4.1-linux-x86_64/lib/libnio.so
7feb740f3000-7feb749fc000 rw-p 00000000 00:00 0 
7feb749fc000-7feb749fe000 r--p 00000000 08:05 918366                     /home/alan/.vscode/extensions/redhat.java-1.11.0-linux-x64/jre/17.0.4.1-linux-x86_64/lib/libzip.so
7feb749fe000-7feb74a02000 r-xp 00002000 08:05 918366                     /home/alan/.vscode/extensions/redhat.java-1.11.0-linux-x64/jre/17.0.4.1-linux-x86_64/lib/libzip.so
7feb74a02000-7feb74a04000 r--p 00006000 08:05 918366                     /home/alan/.vscode/extensions/redhat.java-1.11.0-linux-x64/jre/17.0.4.1-linux-x86_64/lib/libzip.so
7feb74a04000-7feb74a05000 r--p 00007000 08:05 918366                     /home/alan/.vscode/extensions/redhat.java-1.11.0-linux-x64/jre/17.0.4.1-linux-x86_64/lib/libzip.so
7feb74a05000-7feb74a06000 rw-p 00008000 08:05 918366                     /home/alan/.vscode/extensions/redhat.java-1.11.0-linux-x64/jre/17.0.4.1-linux-x86_64/lib/libzip.so
7feb74a06000-7feb74d96000 rw-p 00000000 00:00 0 
7feb74d96000-7feb74e8d000 ---p 00000000 00:00 0 
7feb74e8d000-7feb74e8e000 ---p 00000000 00:00 0 
7feb74e8e000-7feb74fee000 rw-p 00000000 00:00 0 
7feb74fee000-7feb750e4000 ---p 00000000 00:00 0 
7feb750e4000-7feb750f6000 rw-p 00000000 00:00 0 
7feb750f6000-7feb7518f000 ---p 00000000 00:00 0 
7feb7518f000-7feb751ba000 rw-p 00000000 00:00 0 
7feb751ba000-7feb7527b000 ---p 00000000 00:00 0 
7feb7527b000-7feb752c9000 rw-p 00000000 00:00 0 
7feb752c9000-7feb75366000 ---p 00000000 00:00 0 
7feb75366000-7feb7536b000 rw-p 00000000 00:00 0 
7feb7536b000-7feb75372000 ---p 00000000 00:00 0 
7feb75372000-7feb7537a000 rw-s 00000000 08:05 528266                     /tmp/hsperfdata_alan/35272
7feb7537a000-7feb75387000 r--p 00000000 08:05 918345                     /home/alan/.vscode/extensions/redhat.java-1.11.0-linux-x64/jre/17.0.4.1-linux-x86_64/lib/libjava.so
7feb75387000-7feb75399000 r-xp 0000d000 08:05 918345                     /home/alan/.vscode/extensions/redhat.java-1.11.0-linux-x64/jre/17.0.4.1-linux-x86_64/lib/libjava.so
7feb75399000-7feb7539f000 r--p 0001f000 08:05 918345                     /home/alan/.vscode/extensions/redhat.java-1.11.0-linux-x64/jre/17.0.4.1-linux-x86_64/lib/libjava.so
7feb7539f000-7feb753a0000 ---p 00025000 08:05 918345                     /home/alan/.vscode/extensions/redhat.java-1.11.0-linux-x64/jre/17.0.4.1-linux-x86_64/lib/libjava.so
7feb753a0000-7feb753a1000 r--p 00025000 08:05 918345                     /home/alan/.vscode/extensions/redhat.java-1.11.0-linux-x64/jre/17.0.4.1-linux-x86_64/lib/libjava.so
7feb753a1000-7feb753a2000 rw-p 00026000 08:05 918345                     /home/alan/.vscode/extensions/redhat.java-1.11.0-linux-x64/jre/17.0.4.1-linux-x86_64/lib/libjava.so
7feb753a2000-7feb753a3000 rw-p 00000000 00:00 0 
7feb753a3000-7feb753a7000 r--p 00000000 08:05 918349                     /home/alan/.vscode/extensions/redhat.java-1.11.0-linux-x64/jre/17.0.4.1-linux-x86_64/lib/libjimage.so
7feb753a7000-7feb753ba000 r-xp 00004000 08:05 918349                     /home/alan/.vscode/extensions/redhat.java-1.11.0-linux-x64/jre/17.0.4.1-linux-x86_64/lib/libjimage.so
7feb753ba000-7feb753c0000 r--p 00017000 08:05 918349                     /home/alan/.vscode/extensions/redhat.java-1.11.0-linux-x64/jre/17.0.4.1-linux-x86_64/lib/libjimage.so
7feb753c0000-7feb753c2000 r--p 0001c000 08:05 918349                     /home/alan/.vscode/extensions/redhat.java-1.11.0-linux-x64/jre/17.0.4.1-linux-x86_64/lib/libjimage.so
7feb753c2000-7feb753c3000 rw-p 0001e000 08:05 918349                     /home/alan/.vscode/extensions/redhat.java-1.11.0-linux-x64/jre/17.0.4.1-linux-x86_64/lib/libjimage.so
7feb753c3000-7feb753c7000 ---p 00000000 00:00 0 
7feb753c7000-7feb754c3000 rw-p 00000000 00:00 0 
7feb754c3000-7feb754d1000 r--p 00000000 08:05 265546                     /usr/lib/x86_64-linux-gnu/libm.so.6
7feb754d1000-7feb7554d000 r-xp 0000e000 08:05 265546                     /usr/lib/x86_64-linux-gnu/libm.so.6
7feb7554d000-7feb755a8000 r--p 0008a000 08:05 265546                     /usr/lib/x86_64-linux-gnu/libm.so.6
7feb755a8000-7feb755a9000 r--p 000e4000 08:05 265546                     /usr/lib/x86_64-linux-gnu/libm.so.6
7feb755a9000-7feb755aa000 rw-p 000e5000 08:05 265546                     /usr/lib/x86_64-linux-gnu/libm.so.6
7feb755aa000-7feb755ab000 r--p 00000000 08:05 265921                     /usr/lib/x86_64-linux-gnu/librt.so.1
7feb755ab000-7feb755ac000 r-xp 00001000 08:05 265921                     /usr/lib/x86_64-linux-gnu/librt.so.1
7feb755ac000-7feb755ad000 r--p 00002000 08:05 265921                     /usr/lib/x86_64-linux-gnu/librt.so.1
7feb755ad000-7feb755ae000 r--p 00002000 08:05 265921                     /usr/lib/x86_64-linux-gnu/librt.so.1
7feb755ae000-7feb755af000 rw-p 00003000 08:05 265921                     /usr/lib/x86_64-linux-gnu/librt.so.1
7feb755af000-7feb75800000 r--p 00000000 08:05 918377                     /home/alan/.vscode/extensions/redhat.java-1.11.0-linux-x64/jre/17.0.4.1-linux-x86_64/lib/server/libjvm.so
7feb75800000-7feb76519000 r-xp 00251000 08:05 918377                     /home/alan/.vscode/extensions/redhat.java-1.11.0-linux-x64/jre/17.0.4.1-linux-x86_64/lib/server/libjvm.so
7feb76519000-7feb767a4000 r--p 00f6a000 08:05 918377                     /home/alan/.vscode/extensions/redhat.java-1.11.0-linux-x64/jre/17.0.4.1-linux-x86_64/lib/server/libjvm.so
7feb767a4000-7feb7685d000 r--p 011f4000 08:05 918377                     /home/alan/.vscode/extensions/redhat.java-1.11.0-linux-x64/jre/17.0.4.1-linux-x86_64/lib/server/libjvm.so
7feb7685d000-7feb76892000 rw-p 012ad000 08:05 918377                     /home/alan/.vscode/extensions/redhat.java-1.11.0-linux-x64/jre/17.0.4.1-linux-x86_64/lib/server/libjvm.so
7feb76892000-7feb768ef000 rw-p 00000000 00:00 0 
7feb768ef000-7feb76917000 r--p 00000000 08:05 265274                     /usr/lib/x86_64-linux-gnu/libc.so.6
7feb76917000-7feb76aac000 r-xp 00028000 08:05 265274                     /usr/lib/x86_64-linux-gnu/libc.so.6
7feb76aac000-7feb76b04000 r--p 001bd000 08:05 265274                     /usr/lib/x86_64-linux-gnu/libc.so.6
7feb76b04000-7feb76b08000 r--p 00214000 08:05 265274                     /usr/lib/x86_64-linux-gnu/libc.so.6
7feb76b08000-7feb76b0a000 rw-p 00218000 08:05 265274                     /usr/lib/x86_64-linux-gnu/libc.so.6
7feb76b0a000-7feb76b17000 rw-p 00000000 00:00 0 
7feb76b17000-7feb76b18000 r--p 00000000 08:05 265543                     /usr/lib/x86_64-linux-gnu/libdl.so.2
7feb76b18000-7feb76b19000 r-xp 00001000 08:05 265543                     /usr/lib/x86_64-linux-gnu/libdl.so.2
7feb76b19000-7feb76b1a000 r--p 00002000 08:05 265543                     /usr/lib/x86_64-linux-gnu/libdl.so.2
7feb76b1a000-7feb76b1b000 r--p 00002000 08:05 265543                     /usr/lib/x86_64-linux-gnu/libdl.so.2
7feb76b1b000-7feb76b1c000 rw-p 00003000 08:05 265543                     /usr/lib/x86_64-linux-gnu/libdl.so.2
7feb76b1c000-7feb76b1d000 r--p 00000000 08:05 265725                     /usr/lib/x86_64-linux-gnu/libpthread.so.0
7feb76b1d000-7feb76b1e000 r-xp 00001000 08:05 265725                     /usr/lib/x86_64-linux-gnu/libpthread.so.0
7feb76b1e000-7feb76b1f000 r--p 00002000 08:05 265725                     /usr/lib/x86_64-linux-gnu/libpthread.so.0
7feb76b1f000-7feb76b20000 r--p 00002000 08:05 265725                     /usr/lib/x86_64-linux-gnu/libpthread.so.0
7feb76b20000-7feb76b21000 rw-p 00003000 08:05 265725                     /usr/lib/x86_64-linux-gnu/libpthread.so.0
7feb76b21000-7feb76b24000 r--p 00000000 08:05 918350                     /home/alan/.vscode/extensions/redhat.java-1.11.0-linux-x64/jre/17.0.4.1-linux-x86_64/lib/libjli.so
7feb76b24000-7feb76b2e000 r-xp 00003000 08:05 918350                     /home/alan/.vscode/extensions/redhat.java-1.11.0-linux-x64/jre/17.0.4.1-linux-x86_64/lib/libjli.so
7feb76b2e000-7feb76b31000 r--p 0000d000 08:05 918350                     /home/alan/.vscode/extensions/redhat.java-1.11.0-linux-x64/jre/17.0.4.1-linux-x86_64/lib/libjli.so
7feb76b31000-7feb76b32000 ---p 00010000 08:05 918350                     /home/alan/.vscode/extensions/redhat.java-1.11.0-linux-x64/jre/17.0.4.1-linux-x86_64/lib/libjli.so
7feb76b32000-7feb76b33000 r--p 00010000 08:05 918350                     /home/alan/.vscode/extensions/redhat.java-1.11.0-linux-x64/jre/17.0.4.1-linux-x86_64/lib/libjli.so
7feb76b33000-7feb76b34000 rw-p 00011000 08:05 918350                     /home/alan/.vscode/extensions/redhat.java-1.11.0-linux-x64/jre/17.0.4.1-linux-x86_64/lib/libjli.so
7feb76b34000-7feb76b36000 r--p 00000000 08:05 270873                     /usr/lib/x86_64-linux-gnu/libz.so.1.2.11
7feb76b36000-7feb76b47000 r-xp 00002000 08:05 270873                     /usr/lib/x86_64-linux-gnu/libz.so.1.2.11
7feb76b47000-7feb76b4d000 r--p 00013000 08:05 270873                     /usr/lib/x86_64-linux-gnu/libz.so.1.2.11
7feb76b4d000-7feb76b4e000 ---p 00019000 08:05 270873                     /usr/lib/x86_64-linux-gnu/libz.so.1.2.11
7feb76b4e000-7feb76b4f000 r--p 00019000 08:05 270873                     /usr/lib/x86_64-linux-gnu/libz.so.1.2.11
7feb76b4f000-7feb76b50000 rw-p 0001a000 08:05 270873                     /usr/lib/x86_64-linux-gnu/libz.so.1.2.11
7feb76b52000-7feb76b54000 r--p 00000000 08:05 918340                     /home/alan/.vscode/extensions/redhat.java-1.11.0-linux-x64/jre/17.0.4.1-linux-x86_64/lib/libinstrument.so
7feb76b54000-7feb76b5a000 r-xp 00002000 08:05 918340                     /home/alan/.vscode/extensions/redhat.java-1.11.0-linux-x64/jre/17.0.4.1-linux-x86_64/lib/libinstrument.so
7feb76b5a000-7feb76b5d000 r--p 00008000 08:05 918340                     /home/alan/.vscode/extensions/redhat.java-1.11.0-linux-x64/jre/17.0.4.1-linux-x86_64/lib/libinstrument.so
7feb76b5d000-7feb76b5e000 r--p 0000a000 08:05 918340                     /home/alan/.vscode/extensions/redhat.java-1.11.0-linux-x64/jre/17.0.4.1-linux-x86_64/lib/libinstrument.so
7feb76b5e000-7feb76b5f000 rw-p 0000b000 08:05 918340                     /home/alan/.vscode/extensions/redhat.java-1.11.0-linux-x64/jre/17.0.4.1-linux-x86_64/lib/libinstrument.so
7feb76b5f000-7feb76b60000 ---p 00000000 00:00 0 
7feb76b60000-7feb76b61000 r--p 00000000 00:00 0 
7feb76b61000-7feb76b63000 rw-p 00000000 00:00 0 
7feb76b63000-7feb76b65000 r--p 00000000 08:05 265128                     /usr/lib/x86_64-linux-gnu/ld-linux-x86-64.so.2
7feb76b65000-7feb76b8f000 r-xp 00002000 08:05 265128                     /usr/lib/x86_64-linux-gnu/ld-linux-x86-64.so.2
7feb76b8f000-7feb76b9a000 r--p 0002c000 08:05 265128                     /usr/lib/x86_64-linux-gnu/ld-linux-x86-64.so.2
7feb76b9a000-7feb76b9b000 ---p 00000000 00:00 0 
7feb76b9b000-7feb76b9d000 r--p 00037000 08:05 265128                     /usr/lib/x86_64-linux-gnu/ld-linux-x86-64.so.2
7feb76b9d000-7feb76b9f000 rw-p 00039000 08:05 265128                     /usr/lib/x86_64-linux-gnu/ld-linux-x86-64.so.2
7ffed1e52000-7ffed1e74000 rw-p 00000000 00:00 0                          [stack]
7ffed1f4f000-7ffed1f53000 r--p 00000000 00:00 0                          [vvar]
7ffed1f53000-7ffed1f55000 r-xp 00000000 00:00 0                          [vdso]
ffffffffff600000-ffffffffff601000 --xp 00000000 00:00 0                  [vsyscall]


VM Arguments:
jvm_args: --add-modules=ALL-SYSTEM --add-opens=java.base/java.util=ALL-UNNAMED --add-opens=java.base/java.lang=ALL-UNNAMED --add-opens=java.base/sun.nio.fs=ALL-UNNAMED -Declipse.application=org.eclipse.jdt.ls.core.id1 -Dosgi.bundles.defaultStartLevel=4 -Declipse.product=org.eclipse.jdt.ls.core.product -Djava.import.generatesMetadataFilesAtProjectRoot=false -Dfile.encoding=utf8 -XX:+UseParallelGC -XX:GCTimeRatio=4 -XX:AdaptiveSizePolicyWeight=90 -Dsun.zip.disableMemoryMapping=true -Xmx1G -Xms100m -Xlog:disable -javaagent:/home/alan/.vscode/extensions/redhat.java-1.11.0-linux-x64/lombok/lombok-1.18.24.jar -XX:+HeapDumpOnOutOfMemoryError -XX:HeapDumpPath=/home/alan/.config/Code/User/workspaceStorage/2e151a444baf7836b9ff2ba6d27237a9/redhat.java 
java_command: /home/alan/.vscode/extensions/redhat.java-1.11.0-linux-x64/server/plugins/org.eclipse.equinox.launcher_1.6.400.v20210924-0641.jar -configuration /home/alan/.config/Code/User/globalStorage/redhat.java/1.11.0/config_linux -data /home/alan/.config/Code/User/workspaceStorage/2e151a444baf7836b9ff2ba6d27237a9/redhat.java/jdt_ws
java_class_path (initial): /home/alan/.vscode/extensions/redhat.java-1.11.0-linux-x64/server/plugins/org.eclipse.equinox.launcher_1.6.400.v20210924-0641.jar
Launcher Type: SUN_STANDARD

[Global flags]
    uintx AdaptiveSizePolicyWeight                 = 90                                        {product} {command line}
     intx CICompilerCount                          = 2                                         {product} {ergonomic}
    uintx GCTimeRatio                              = 4                                         {product} {command line}
     bool HeapDumpOnOutOfMemoryError               = true                                   {manageable} {command line}
    ccstr HeapDumpPath                             = /home/alan/.config/Code/User/workspaceStorage/2e151a444baf7836b9ff2ba6d27237a9/redhat.java         {manageable} {command line}
   size_t InitialHeapSize                          = 104857600                                 {product} {command line}
   size_t MaxHeapSize                              = 1073741824                                {product} {command line}
   size_t MaxNewSize                               = 357564416                                 {product} {ergonomic}
   size_t MinHeapDeltaBytes                        = 524288                                    {product} {ergonomic}
   size_t MinHeapSize                              = 104857600                                 {product} {command line}
   size_t NewSize                                  = 34603008                                  {product} {ergonomic}
    uintx NonNMethodCodeHeapSize                   = 5826188                                {pd product} {ergonomic}
    uintx NonProfiledCodeHeapSize                  = 122916026                              {pd product} {ergonomic}
   size_t OldSize                                  = 70254592                                  {product} {ergonomic}
    uintx ProfiledCodeHeapSize                     = 122916026                              {pd product} {ergonomic}
    uintx ReservedCodeCacheSize                    = 251658240                              {pd product} {ergonomic}
     bool SegmentedCodeCache                       = true                                      {product} {ergonomic}
   size_t SoftMaxHeapSize                          = 1073741824                             {manageable} {ergonomic}
     bool UseCompressedClassPointers               = true                           {product lp64_product} {ergonomic}
     bool UseCompressedOops                        = true                           {product lp64_product} {ergonomic}
     bool UseParallelGC                            = true                                      {product} {command line}

Logging:
Log output configuration:
 #0: stdout all=off uptime,level,tags
 #1: stderr all=off uptime,level,tags

Environment Variables:
PATH=/usr/local/sbin:/usr/local/bin:/usr/sbin:/usr/bin:/sbin:/bin:/usr/games:/usr/local/games:/snap/bin:/snap/bin
USERNAME=alan
SHELL=/bin/bash
DISPLAY=:0
LANG=en_US.UTF-8
LC_CTYPE=pt_BR.UTF-8
LC_NUMERIC=pt_BR.UTF-8
LC_TIME=pt_BR.UTF-8

Signal Handlers:
   SIGSEGV: crash_handler in libjvm.so, mask=11100100010111111101111111111110, flags=SA_RESTART|SA_SIGINFO
    SIGBUS: crash_handler in libjvm.so, mask=11100100010111111101111111111110, flags=SA_RESTART|SA_SIGINFO
    SIGFPE: crash_handler in libjvm.so, mask=11100100010111111101111111111110, flags=SA_RESTART|SA_SIGINFO
   SIGPIPE: javaSignalHandler in libjvm.so, mask=11100100010111111101111111111110, flags=SA_RESTART|SA_SIGINFO
   SIGXFSZ: javaSignalHandler in libjvm.so, mask=11100100010111111101111111111110, flags=SA_RESTART|SA_SIGINFO
    SIGILL: crash_handler in libjvm.so, mask=11100100010111111101111111111110, flags=SA_RESTART|SA_SIGINFO
   SIGUSR2: SR_handler in libjvm.so, mask=00000000000000000000000000000000, flags=SA_RESTART|SA_SIGINFO
    SIGHUP: UserHandler in libjvm.so, mask=11100100010111111101111111111110, flags=SA_RESTART|SA_SIGINFO
    SIGINT: UserHandler in libjvm.so, mask=11100100010111111101111111111110, flags=SA_RESTART|SA_SIGINFO
   SIGTERM: UserHandler in libjvm.so, mask=11100100010111111101111111111110, flags=SA_RESTART|SA_SIGINFO
   SIGQUIT: UserHandler in libjvm.so, mask=11100100010111111101111111111110, flags=SA_RESTART|SA_SIGINFO
  *** Handler was modified!
  *** Expected: javaSignalHandler in libjvm.so, mask=11100100110111111111111111111110, flags=SA_RESTART|SA_SIGINFO
   SIGTRAP: crash_handler in libjvm.so, mask=11100100010111111101111111111110, flags=SA_RESTART|SA_SIGINFO


---------------  S Y S T E M  ---------------

OS:
DISTRIB_ID=Ubuntu
DISTRIB_RELEASE=22.04
DISTRIB_CODENAME=jammy
DISTRIB_DESCRIPTION="Ubuntu 22.04.1 LTS"
uname: Linux 5.15.0-52-generic #58-Ubuntu SMP Thu Oct 13 08:03:55 UTC 2022 x86_64
OS uptime: 0 days 22:51 hours
libc: glibc 2.35 NPTL 2.35 
rlimit (soft/hard): STACK 8192k/infinity , CORE 0k/infinity , NPROC 15420/15420 , NOFILE 1048576/1048576 , AS infinity/infinity , CPU infinity/infinity , DATA infinity/infinity , FSIZE infinity/infinity , MEMLOCK 502272k/502272k
load average: 3,36 2,98 2,31

/proc/meminfo:
MemTotal:        4018204 kB
MemFree:          101704 kB
MemAvailable:     668784 kB
Buffers:           45192 kB
Cached:           890992 kB
SwapCached:        29004 kB
Active:           574972 kB
Inactive:        3019796 kB
Active(anon):     215724 kB
Inactive(anon):  2666016 kB
Active(file):     359248 kB
Inactive(file):   353780 kB
Unevictable:          48 kB
Mlocked:              48 kB
SwapTotal:        459260 kB
SwapFree:              0 kB
Dirty:              9952 kB
Writeback:             0 kB
AnonPages:       2629980 kB
Mapped:           596356 kB
Shmem:            223156 kB
KReclaimable:     113200 kB
Slab:             204464 kB
SReclaimable:     113200 kB
SUnreclaim:        91264 kB
KernelStack:       13692 kB
PageTables:        43976 kB
NFS_Unstable:          0 kB
Bounce:                0 kB
WritebackTmp:          0 kB
CommitLimit:     2468360 kB
Committed_AS:   10836208 kB
VmallocTotal:   34359738367 kB
VmallocUsed:       45440 kB
VmallocChunk:          0 kB
Percpu:             2088 kB
HardwareCorrupted:     0 kB
AnonHugePages:         0 kB
ShmemHugePages:        0 kB
ShmemPmdMapped:        0 kB
FileHugePages:         0 kB
FilePmdMapped:         0 kB
HugePages_Total:       0
HugePages_Free:        0
HugePages_Rsvd:        0
HugePages_Surp:        0
Hugepagesize:       2048 kB
Hugetlb:               0 kB
DirectMap4k:      290752 kB
DirectMap2M:     3903488 kB

/sys/kernel/mm/transparent_hugepage/enabled: always [madvise] never
/sys/kernel/mm/transparent_hugepage/defrag (defrag/compaction efforts parameter): always defer defer+madvise [madvise] never

Process Memory:
Virtual Size: 3762968K (peak: 3767724K)
Resident Set Size: 569056K (peak: 637092K) (anon: 512064K, file: 56992K, shmem: 0K)
Swapped out: 0K
C-Heap outstanding allocations: 59083K, retained: 65020K
glibc malloc tunables: (default)

/proc/sys/kernel/threads-max (system-wide limit on the number of threads): 30840
/proc/sys/vm/max_map_count (maximum number of memory map areas a process may have): 65530
/proc/sys/kernel/pid_max (system-wide limit on number of process identifiers): 4194304

container (cgroup) information:
container_type: cgroupv2
cpu_cpuset_cpus: not supported
cpu_memory_nodes: not supported
active_processor_count: 2
cpu_quota: not supported
cpu_period: not supported
cpu_shares: not supported
memory_limit_in_bytes: unlimited
memory_and_swap_limit_in_bytes: unlimited
memory_soft_limit_in_bytes: unlimited
memory_usage_in_bytes: 1807492 k
memory_max_usage_in_bytes: not supported
maximum number of tasks: 4626
current number of tasks: 210

KVM virtualization detected
Steal ticks since vm start: 0
Steal ticks percentage since vm start:  0,000

CPU: total 2 (initial active 2) (2 cores per cpu, 1 threads per core) family 6 model 158 stepping 9 microcode 0xffffffff, cx8, cmov, fxsr, mmx, sse, sse2, sse3, ssse3, sse4.1, sse4.2, tsc, tscinvbit, clflush, hv
CPU Model and flags from /proc/cpuinfo:
model name	: Intel(R) Core(TM) i7-7700HQ CPU @ 2.80GHz
flags		: fpu vme de pse tsc msr pae mce cx8 apic sep mtrr pge mca cmov pat pse36 clflush mmx fxsr sse sse2 ht syscall nx rdtscp lm constant_tsc rep_good nopl xtopology nonstop_tsc cpuid tsc_known_freq pni ssse3 cx16 pcid sse4_1 sse4_2 hypervisor lahf_lm invpcid_single pti fsgsbase invpcid md_clear flush_l1d arch_capabilities

Online cpus: 0-1
Offline cpus: 
BIOS frequency limitation: <Not Available>
Frequency switch latency (ns): <Not Available>
Available cpu frequencies: <Not Available>
Current governor: <Not Available>
Core performance/turbo boost: <Not Available>

Memory: 4k page, physical 4018204k(101704k free), swap 459260k(0k free)
Page Sizes: 4k

vm_info: OpenJDK 64-Bit Server VM (17.0.4.1+1) for linux-amd64 JRE (17.0.4.1+1), built on Aug 12 2022 00:00:00 by "temurin" with gcc 10.3.0

END.
